<?xml version="1.0" encoding="UTF-8"?>
<testsuite xmlns:xsi="http://www.w3.org/2001/XMLSchema-instance" xsi:noNamespaceSchemaLocation="https://maven.apache.org/surefire/maven-surefire-plugin/xsd/surefire-test-report-3.0.xsd" version="3.0" name="au.edu.rmit.sept.supermarkets.products.Repositories.DeliveryRepositoryImplTest" time="0.265" tests="7" errors="0" skipped="0" failures="0">
  <properties>
    <property name="java.specification.version" value="20"/>
    <property name="sun.jnu.encoding" value="UTF-8"/>
    <property name="java.class.path" value="/Users/Kiran/github-classroom/SEPT/team-project-group-p03-08/backend/products/target/test-classes:/Users/Kiran/github-classroom/SEPT/team-project-group-p03-08/backend/products/target/classes:/Users/Kiran/.m2/repository/org/springframework/boot/spring-boot-starter-web/3.1.2/spring-boot-starter-web-3.1.2.jar:/Users/Kiran/.m2/repository/org/springframework/boot/spring-boot-starter/3.1.2/spring-boot-starter-3.1.2.jar:/Users/Kiran/.m2/repository/org/springframework/boot/spring-boot/3.1.2/spring-boot-3.1.2.jar:/Users/Kiran/.m2/repository/org/springframework/boot/spring-boot-autoconfigure/3.1.2/spring-boot-autoconfigure-3.1.2.jar:/Users/Kiran/.m2/repository/org/springframework/boot/spring-boot-starter-logging/3.1.2/spring-boot-starter-logging-3.1.2.jar:/Users/Kiran/.m2/repository/ch/qos/logback/logback-classic/1.4.8/logback-classic-1.4.8.jar:/Users/Kiran/.m2/repository/ch/qos/logback/logback-core/1.4.8/logback-core-1.4.8.jar:/Users/Kiran/.m2/repository/org/apache/logging/log4j/log4j-to-slf4j/2.20.0/log4j-to-slf4j-2.20.0.jar:/Users/Kiran/.m2/repository/org/apache/logging/log4j/log4j-api/2.20.0/log4j-api-2.20.0.jar:/Users/Kiran/.m2/repository/org/slf4j/jul-to-slf4j/2.0.7/jul-to-slf4j-2.0.7.jar:/Users/Kiran/.m2/repository/jakarta/annotation/jakarta.annotation-api/2.1.1/jakarta.annotation-api-2.1.1.jar:/Users/Kiran/.m2/repository/org/yaml/snakeyaml/1.33/snakeyaml-1.33.jar:/Users/Kiran/.m2/repository/org/springframework/boot/spring-boot-starter-json/3.1.2/spring-boot-starter-json-3.1.2.jar:/Users/Kiran/.m2/repository/com/fasterxml/jackson/core/jackson-databind/2.15.2/jackson-databind-2.15.2.jar:/Users/Kiran/.m2/repository/com/fasterxml/jackson/core/jackson-annotations/2.15.2/jackson-annotations-2.15.2.jar:/Users/Kiran/.m2/repository/com/fasterxml/jackson/datatype/jackson-datatype-jdk8/2.15.2/jackson-datatype-jdk8-2.15.2.jar:/Users/Kiran/.m2/repository/com/fasterxml/jackson/datatype/jackson-datatype-jsr310/2.15.2/jackson-datatype-jsr310-2.15.2.jar:/Users/Kiran/.m2/repository/com/fasterxml/jackson/module/jackson-module-parameter-names/2.15.2/jackson-module-parameter-names-2.15.2.jar:/Users/Kiran/.m2/repository/org/springframework/boot/spring-boot-starter-tomcat/3.1.2/spring-boot-starter-tomcat-3.1.2.jar:/Users/Kiran/.m2/repository/org/apache/tomcat/embed/tomcat-embed-core/10.1.11/tomcat-embed-core-10.1.11.jar:/Users/Kiran/.m2/repository/org/apache/tomcat/embed/tomcat-embed-el/10.1.11/tomcat-embed-el-10.1.11.jar:/Users/Kiran/.m2/repository/org/apache/tomcat/embed/tomcat-embed-websocket/10.1.11/tomcat-embed-websocket-10.1.11.jar:/Users/Kiran/.m2/repository/org/springframework/spring-web/6.0.11/spring-web-6.0.11.jar:/Users/Kiran/.m2/repository/org/springframework/spring-beans/6.0.11/spring-beans-6.0.11.jar:/Users/Kiran/.m2/repository/io/micrometer/micrometer-observation/1.11.2/micrometer-observation-1.11.2.jar:/Users/Kiran/.m2/repository/io/micrometer/micrometer-commons/1.11.2/micrometer-commons-1.11.2.jar:/Users/Kiran/.m2/repository/org/springframework/spring-webmvc/6.0.11/spring-webmvc-6.0.11.jar:/Users/Kiran/.m2/repository/org/springframework/spring-aop/6.0.11/spring-aop-6.0.11.jar:/Users/Kiran/.m2/repository/org/springframework/spring-context/6.0.11/spring-context-6.0.11.jar:/Users/Kiran/.m2/repository/org/springframework/spring-expression/6.0.11/spring-expression-6.0.11.jar:/Users/Kiran/.m2/repository/org/springframework/boot/spring-boot-starter-test/3.1.2/spring-boot-starter-test-3.1.2.jar:/Users/Kiran/.m2/repository/org/springframework/boot/spring-boot-test/3.1.2/spring-boot-test-3.1.2.jar:/Users/Kiran/.m2/repository/org/springframework/boot/spring-boot-test-autoconfigure/3.1.2/spring-boot-test-autoconfigure-3.1.2.jar:/Users/Kiran/.m2/repository/com/jayway/jsonpath/json-path/2.8.0/json-path-2.8.0.jar:/Users/Kiran/.m2/repository/org/slf4j/slf4j-api/2.0.7/slf4j-api-2.0.7.jar:/Users/Kiran/.m2/repository/jakarta/xml/bind/jakarta.xml.bind-api/4.0.0/jakarta.xml.bind-api-4.0.0.jar:/Users/Kiran/.m2/repository/jakarta/activation/jakarta.activation-api/2.1.2/jakarta.activation-api-2.1.2.jar:/Users/Kiran/.m2/repository/net/minidev/json-smart/2.4.11/json-smart-2.4.11.jar:/Users/Kiran/.m2/repository/net/minidev/accessors-smart/2.4.11/accessors-smart-2.4.11.jar:/Users/Kiran/.m2/repository/org/ow2/asm/asm/9.3/asm-9.3.jar:/Users/Kiran/.m2/repository/org/assertj/assertj-core/3.24.2/assertj-core-3.24.2.jar:/Users/Kiran/.m2/repository/net/bytebuddy/byte-buddy/1.14.5/byte-buddy-1.14.5.jar:/Users/Kiran/.m2/repository/org/hamcrest/hamcrest/2.2/hamcrest-2.2.jar:/Users/Kiran/.m2/repository/org/junit/jupiter/junit-jupiter/5.9.3/junit-jupiter-5.9.3.jar:/Users/Kiran/.m2/repository/org/junit/jupiter/junit-jupiter-api/5.9.3/junit-jupiter-api-5.9.3.jar:/Users/Kiran/.m2/repository/org/opentest4j/opentest4j/1.2.0/opentest4j-1.2.0.jar:/Users/Kiran/.m2/repository/org/junit/platform/junit-platform-commons/1.9.3/junit-platform-commons-1.9.3.jar:/Users/Kiran/.m2/repository/org/apiguardian/apiguardian-api/1.1.2/apiguardian-api-1.1.2.jar:/Users/Kiran/.m2/repository/org/junit/jupiter/junit-jupiter-params/5.9.3/junit-jupiter-params-5.9.3.jar:/Users/Kiran/.m2/repository/org/junit/jupiter/junit-jupiter-engine/5.9.3/junit-jupiter-engine-5.9.3.jar:/Users/Kiran/.m2/repository/org/junit/platform/junit-platform-engine/1.9.3/junit-platform-engine-1.9.3.jar:/Users/Kiran/.m2/repository/org/mockito/mockito-core/5.3.1/mockito-core-5.3.1.jar:/Users/Kiran/.m2/repository/net/bytebuddy/byte-buddy-agent/1.14.5/byte-buddy-agent-1.14.5.jar:/Users/Kiran/.m2/repository/org/objenesis/objenesis/3.3/objenesis-3.3.jar:/Users/Kiran/.m2/repository/org/mockito/mockito-junit-jupiter/5.3.1/mockito-junit-jupiter-5.3.1.jar:/Users/Kiran/.m2/repository/org/skyscreamer/jsonassert/1.5.1/jsonassert-1.5.1.jar:/Users/Kiran/.m2/repository/com/vaadin/external/google/android-json/0.0.20131108.vaadin1/android-json-0.0.20131108.vaadin1.jar:/Users/Kiran/.m2/repository/org/springframework/spring-core/6.0.11/spring-core-6.0.11.jar:/Users/Kiran/.m2/repository/org/springframework/spring-jcl/6.0.11/spring-jcl-6.0.11.jar:/Users/Kiran/.m2/repository/org/springframework/spring-test/6.0.11/spring-test-6.0.11.jar:/Users/Kiran/.m2/repository/org/xmlunit/xmlunit-core/2.9.1/xmlunit-core-2.9.1.jar:/Users/Kiran/.m2/repository/com/h2database/h2/2.1.214/h2-2.1.214.jar:/Users/Kiran/.m2/repository/org/springframework/boot/spring-boot-starter-jdbc/3.1.2/spring-boot-starter-jdbc-3.1.2.jar:/Users/Kiran/.m2/repository/com/zaxxer/HikariCP/5.0.1/HikariCP-5.0.1.jar:/Users/Kiran/.m2/repository/org/springframework/spring-jdbc/6.0.11/spring-jdbc-6.0.11.jar:/Users/Kiran/.m2/repository/org/springframework/spring-tx/6.0.11/spring-tx-6.0.11.jar:/Users/Kiran/.m2/repository/org/flywaydb/flyway-maven-plugin/9.21.0/flyway-maven-plugin-9.21.0.jar:/Users/Kiran/.m2/repository/org/flywaydb/flyway-core/9.16.3/flyway-core-9.16.3.jar:/Users/Kiran/.m2/repository/com/fasterxml/jackson/dataformat/jackson-dataformat-toml/2.15.2/jackson-dataformat-toml-2.15.2.jar:/Users/Kiran/.m2/repository/com/fasterxml/jackson/core/jackson-core/2.15.2/jackson-core-2.15.2.jar:/Users/Kiran/.m2/repository/org/apache/commons/commons-text/1.10.0/commons-text-1.10.0.jar:/Users/Kiran/.m2/repository/org/apache/commons/commons-lang3/3.12.0/commons-lang3-3.12.0.jar:"/>
    <property name="java.vm.vendor" value="Homebrew"/>
    <property name="sun.arch.data.model" value="64"/>
    <property name="java.vendor.url" value="https://github.com/Homebrew/homebrew-core/issues"/>
    <property name="user.timezone" value="Australia/Melbourne"/>
    <property name="os.name" value="Mac OS X"/>
    <property name="java.vm.specification.version" value="20"/>
    <property name="sun.java.launcher" value="SUN_STANDARD"/>
    <property name="user.country" value="AU"/>
    <property name="sun.boot.library.path" value="/opt/homebrew/Cellar/openjdk/20.0.2/libexec/openjdk.jdk/Contents/Home/lib"/>
    <property name="sun.java.command" value="/Users/Kiran/github-classroom/SEPT/team-project-group-p03-08/backend/products/target/surefire/surefirebooter-20230923112402397_3.jar /Users/Kiran/github-classroom/SEPT/team-project-group-p03-08/backend/products/target/surefire 2023-09-23T11-24-02_352-jvmRun1 surefire-20230923112402397_1tmp surefire_0-20230923112402397_2tmp"/>
    <property name="http.nonProxyHosts" value="local|*.local|169.254/16|*.169.254/16"/>
    <property name="jdk.debug" value="release"/>
    <property name="surefire.test.class.path" value="/Users/Kiran/github-classroom/SEPT/team-project-group-p03-08/backend/products/target/test-classes:/Users/Kiran/github-classroom/SEPT/team-project-group-p03-08/backend/products/target/classes:/Users/Kiran/.m2/repository/org/springframework/boot/spring-boot-starter-web/3.1.2/spring-boot-starter-web-3.1.2.jar:/Users/Kiran/.m2/repository/org/springframework/boot/spring-boot-starter/3.1.2/spring-boot-starter-3.1.2.jar:/Users/Kiran/.m2/repository/org/springframework/boot/spring-boot/3.1.2/spring-boot-3.1.2.jar:/Users/Kiran/.m2/repository/org/springframework/boot/spring-boot-autoconfigure/3.1.2/spring-boot-autoconfigure-3.1.2.jar:/Users/Kiran/.m2/repository/org/springframework/boot/spring-boot-starter-logging/3.1.2/spring-boot-starter-logging-3.1.2.jar:/Users/Kiran/.m2/repository/ch/qos/logback/logback-classic/1.4.8/logback-classic-1.4.8.jar:/Users/Kiran/.m2/repository/ch/qos/logback/logback-core/1.4.8/logback-core-1.4.8.jar:/Users/Kiran/.m2/repository/org/apache/logging/log4j/log4j-to-slf4j/2.20.0/log4j-to-slf4j-2.20.0.jar:/Users/Kiran/.m2/repository/org/apache/logging/log4j/log4j-api/2.20.0/log4j-api-2.20.0.jar:/Users/Kiran/.m2/repository/org/slf4j/jul-to-slf4j/2.0.7/jul-to-slf4j-2.0.7.jar:/Users/Kiran/.m2/repository/jakarta/annotation/jakarta.annotation-api/2.1.1/jakarta.annotation-api-2.1.1.jar:/Users/Kiran/.m2/repository/org/yaml/snakeyaml/1.33/snakeyaml-1.33.jar:/Users/Kiran/.m2/repository/org/springframework/boot/spring-boot-starter-json/3.1.2/spring-boot-starter-json-3.1.2.jar:/Users/Kiran/.m2/repository/com/fasterxml/jackson/core/jackson-databind/2.15.2/jackson-databind-2.15.2.jar:/Users/Kiran/.m2/repository/com/fasterxml/jackson/core/jackson-annotations/2.15.2/jackson-annotations-2.15.2.jar:/Users/Kiran/.m2/repository/com/fasterxml/jackson/datatype/jackson-datatype-jdk8/2.15.2/jackson-datatype-jdk8-2.15.2.jar:/Users/Kiran/.m2/repository/com/fasterxml/jackson/datatype/jackson-datatype-jsr310/2.15.2/jackson-datatype-jsr310-2.15.2.jar:/Users/Kiran/.m2/repository/com/fasterxml/jackson/module/jackson-module-parameter-names/2.15.2/jackson-module-parameter-names-2.15.2.jar:/Users/Kiran/.m2/repository/org/springframework/boot/spring-boot-starter-tomcat/3.1.2/spring-boot-starter-tomcat-3.1.2.jar:/Users/Kiran/.m2/repository/org/apache/tomcat/embed/tomcat-embed-core/10.1.11/tomcat-embed-core-10.1.11.jar:/Users/Kiran/.m2/repository/org/apache/tomcat/embed/tomcat-embed-el/10.1.11/tomcat-embed-el-10.1.11.jar:/Users/Kiran/.m2/repository/org/apache/tomcat/embed/tomcat-embed-websocket/10.1.11/tomcat-embed-websocket-10.1.11.jar:/Users/Kiran/.m2/repository/org/springframework/spring-web/6.0.11/spring-web-6.0.11.jar:/Users/Kiran/.m2/repository/org/springframework/spring-beans/6.0.11/spring-beans-6.0.11.jar:/Users/Kiran/.m2/repository/io/micrometer/micrometer-observation/1.11.2/micrometer-observation-1.11.2.jar:/Users/Kiran/.m2/repository/io/micrometer/micrometer-commons/1.11.2/micrometer-commons-1.11.2.jar:/Users/Kiran/.m2/repository/org/springframework/spring-webmvc/6.0.11/spring-webmvc-6.0.11.jar:/Users/Kiran/.m2/repository/org/springframework/spring-aop/6.0.11/spring-aop-6.0.11.jar:/Users/Kiran/.m2/repository/org/springframework/spring-context/6.0.11/spring-context-6.0.11.jar:/Users/Kiran/.m2/repository/org/springframework/spring-expression/6.0.11/spring-expression-6.0.11.jar:/Users/Kiran/.m2/repository/org/springframework/boot/spring-boot-starter-test/3.1.2/spring-boot-starter-test-3.1.2.jar:/Users/Kiran/.m2/repository/org/springframework/boot/spring-boot-test/3.1.2/spring-boot-test-3.1.2.jar:/Users/Kiran/.m2/repository/org/springframework/boot/spring-boot-test-autoconfigure/3.1.2/spring-boot-test-autoconfigure-3.1.2.jar:/Users/Kiran/.m2/repository/com/jayway/jsonpath/json-path/2.8.0/json-path-2.8.0.jar:/Users/Kiran/.m2/repository/org/slf4j/slf4j-api/2.0.7/slf4j-api-2.0.7.jar:/Users/Kiran/.m2/repository/jakarta/xml/bind/jakarta.xml.bind-api/4.0.0/jakarta.xml.bind-api-4.0.0.jar:/Users/Kiran/.m2/repository/jakarta/activation/jakarta.activation-api/2.1.2/jakarta.activation-api-2.1.2.jar:/Users/Kiran/.m2/repository/net/minidev/json-smart/2.4.11/json-smart-2.4.11.jar:/Users/Kiran/.m2/repository/net/minidev/accessors-smart/2.4.11/accessors-smart-2.4.11.jar:/Users/Kiran/.m2/repository/org/ow2/asm/asm/9.3/asm-9.3.jar:/Users/Kiran/.m2/repository/org/assertj/assertj-core/3.24.2/assertj-core-3.24.2.jar:/Users/Kiran/.m2/repository/net/bytebuddy/byte-buddy/1.14.5/byte-buddy-1.14.5.jar:/Users/Kiran/.m2/repository/org/hamcrest/hamcrest/2.2/hamcrest-2.2.jar:/Users/Kiran/.m2/repository/org/junit/jupiter/junit-jupiter/5.9.3/junit-jupiter-5.9.3.jar:/Users/Kiran/.m2/repository/org/junit/jupiter/junit-jupiter-api/5.9.3/junit-jupiter-api-5.9.3.jar:/Users/Kiran/.m2/repository/org/opentest4j/opentest4j/1.2.0/opentest4j-1.2.0.jar:/Users/Kiran/.m2/repository/org/junit/platform/junit-platform-commons/1.9.3/junit-platform-commons-1.9.3.jar:/Users/Kiran/.m2/repository/org/apiguardian/apiguardian-api/1.1.2/apiguardian-api-1.1.2.jar:/Users/Kiran/.m2/repository/org/junit/jupiter/junit-jupiter-params/5.9.3/junit-jupiter-params-5.9.3.jar:/Users/Kiran/.m2/repository/org/junit/jupiter/junit-jupiter-engine/5.9.3/junit-jupiter-engine-5.9.3.jar:/Users/Kiran/.m2/repository/org/junit/platform/junit-platform-engine/1.9.3/junit-platform-engine-1.9.3.jar:/Users/Kiran/.m2/repository/org/mockito/mockito-core/5.3.1/mockito-core-5.3.1.jar:/Users/Kiran/.m2/repository/net/bytebuddy/byte-buddy-agent/1.14.5/byte-buddy-agent-1.14.5.jar:/Users/Kiran/.m2/repository/org/objenesis/objenesis/3.3/objenesis-3.3.jar:/Users/Kiran/.m2/repository/org/mockito/mockito-junit-jupiter/5.3.1/mockito-junit-jupiter-5.3.1.jar:/Users/Kiran/.m2/repository/org/skyscreamer/jsonassert/1.5.1/jsonassert-1.5.1.jar:/Users/Kiran/.m2/repository/com/vaadin/external/google/android-json/0.0.20131108.vaadin1/android-json-0.0.20131108.vaadin1.jar:/Users/Kiran/.m2/repository/org/springframework/spring-core/6.0.11/spring-core-6.0.11.jar:/Users/Kiran/.m2/repository/org/springframework/spring-jcl/6.0.11/spring-jcl-6.0.11.jar:/Users/Kiran/.m2/repository/org/springframework/spring-test/6.0.11/spring-test-6.0.11.jar:/Users/Kiran/.m2/repository/org/xmlunit/xmlunit-core/2.9.1/xmlunit-core-2.9.1.jar:/Users/Kiran/.m2/repository/com/h2database/h2/2.1.214/h2-2.1.214.jar:/Users/Kiran/.m2/repository/org/springframework/boot/spring-boot-starter-jdbc/3.1.2/spring-boot-starter-jdbc-3.1.2.jar:/Users/Kiran/.m2/repository/com/zaxxer/HikariCP/5.0.1/HikariCP-5.0.1.jar:/Users/Kiran/.m2/repository/org/springframework/spring-jdbc/6.0.11/spring-jdbc-6.0.11.jar:/Users/Kiran/.m2/repository/org/springframework/spring-tx/6.0.11/spring-tx-6.0.11.jar:/Users/Kiran/.m2/repository/org/flywaydb/flyway-maven-plugin/9.21.0/flyway-maven-plugin-9.21.0.jar:/Users/Kiran/.m2/repository/org/flywaydb/flyway-core/9.16.3/flyway-core-9.16.3.jar:/Users/Kiran/.m2/repository/com/fasterxml/jackson/dataformat/jackson-dataformat-toml/2.15.2/jackson-dataformat-toml-2.15.2.jar:/Users/Kiran/.m2/repository/com/fasterxml/jackson/core/jackson-core/2.15.2/jackson-core-2.15.2.jar:/Users/Kiran/.m2/repository/org/apache/commons/commons-text/1.10.0/commons-text-1.10.0.jar:/Users/Kiran/.m2/repository/org/apache/commons/commons-lang3/3.12.0/commons-lang3-3.12.0.jar:"/>
    <property name="sun.cpu.endian" value="little"/>
    <property name="user.home" value="/Users/Kiran"/>
    <property name="user.language" value="en"/>
    <property name="java.specification.vendor" value="Oracle Corporation"/>
    <property name="java.version.date" value="2023-07-18"/>
    <property name="java.home" value="/opt/homebrew/Cellar/openjdk/20.0.2/libexec/openjdk.jdk/Contents/Home"/>
    <property name="file.separator" value="/"/>
    <property name="basedir" value="/Users/Kiran/github-classroom/SEPT/team-project-group-p03-08/backend/products"/>
    <property name="java.vm.compressedOopsMode" value="Zero based"/>
    <property name="line.separator" value="&#10;"/>
    <property name="java.vm.specification.vendor" value="Oracle Corporation"/>
    <property name="java.specification.name" value="Java Platform API Specification"/>
    <property name="FILE_LOG_CHARSET" value="UTF-8"/>
    <property name="java.awt.headless" value="true"/>
    <property name="apple.awt.application.name" value="ForkedBooter"/>
    <property name="surefire.real.class.path" value="/Users/Kiran/github-classroom/SEPT/team-project-group-p03-08/backend/products/target/surefire/surefirebooter-20230923112402397_3.jar"/>
    <property name="sun.management.compiler" value="HotSpot 64-Bit Tiered Compilers"/>
    <property name="ftp.nonProxyHosts" value="local|*.local|169.254/16|*.169.254/16"/>
    <property name="java.runtime.version" value="20.0.2"/>
    <property name="user.name" value="Kiran"/>
    <property name="stdout.encoding" value="UTF-8"/>
    <property name="path.separator" value=":"/>
    <property name="os.version" value="13.5.2"/>
    <property name="java.runtime.name" value="OpenJDK Runtime Environment"/>
    <property name="file.encoding" value="UTF-8"/>
    <property name="java.vm.name" value="OpenJDK 64-Bit Server VM"/>
    <property name="java.vendor.version" value="Homebrew"/>
    <property name="localRepository" value="/Users/Kiran/.m2/repository"/>
    <property name="java.vendor.url.bug" value="https://github.com/Homebrew/homebrew-core/issues"/>
    <property name="java.io.tmpdir" value="/var/folders/1h/w37fd3kx607gmrk5h90t2q400000gn/T/"/>
    <property name="com.zaxxer.hikari.pool_number" value="1"/>
    <property name="java.version" value="20.0.2"/>
    <property name="user.dir" value="/Users/Kiran/github-classroom/SEPT/team-project-group-p03-08/backend/products"/>
    <property name="os.arch" value="aarch64"/>
    <property name="java.vm.specification.name" value="Java Virtual Machine Specification"/>
    <property name="PID" value="593"/>
    <property name="CONSOLE_LOG_CHARSET" value="UTF-8"/>
    <property name="native.encoding" value="UTF-8"/>
    <property name="java.library.path" value="/Users/Kiran/Library/Java/Extensions:/Library/Java/Extensions:/Network/Library/Java/Extensions:/System/Library/Java/Extensions:/usr/lib/java:."/>
    <property name="java.vm.info" value="mixed mode, sharing"/>
    <property name="stderr.encoding" value="UTF-8"/>
    <property name="java.vendor" value="Homebrew"/>
    <property name="java.vm.version" value="20.0.2"/>
    <property name="sun.io.unicode.encoding" value="UnicodeBig"/>
    <property name="socksNonProxyHosts" value="local|*.local|169.254/16|*.169.254/16"/>
    <property name="java.class.version" value="64.0"/>
  </properties>
  <testcase name="deleteDelivery" classname="au.edu.rmit.sept.supermarkets.products.Repositories.DeliveryRepositoryImplTest" time="0.046">
    <system-out><![CDATA[2023-09-23T11:24:05.284+10:00  INFO 593 --- [           main] t.c.s.AnnotationConfigContextLoaderUtils : Could not detect default configuration classes for test class [au.edu.rmit.sept.supermarkets.products.Repositories.DeliveryRepositoryImplTest]: DeliveryRepositoryImplTest does not declare any static, non-private, non-final, nested classes annotated with @Configuration.
2023-09-23T11:24:05.285+10:00  INFO 593 --- [           main] .b.t.c.SpringBootTestContextBootstrapper : Found @SpringBootConfiguration au.edu.rmit.sept.supermarkets.products.ProductsApplication for test class au.edu.rmit.sept.supermarkets.products.Repositories.DeliveryRepositoryImplTest
2023-09-23T11:24:05.293+10:00  INFO 593 --- [           main] o.f.c.i.s.JdbcTableSchemaHistory         : Schema history table "PUBLIC"."flyway_schema_history" does not exist yet
2023-09-23T11:24:05.293+10:00  INFO 593 --- [           main] o.f.core.internal.command.DbValidate     : Successfully validated 22 migrations (execution time 00:00.004s)
2023-09-23T11:24:05.293+10:00  INFO 593 --- [           main] o.f.c.i.s.JdbcTableSchemaHistory         : Creating Schema History table "PUBLIC"."flyway_schema_history" ...
2023-09-23T11:24:05.294+10:00  INFO 593 --- [           main] o.f.core.internal.command.DbMigrate      : Current version of schema "PUBLIC": << Empty Schema >>
2023-09-23T11:24:05.295+10:00  INFO 593 --- [           main] o.f.core.internal.command.DbMigrate      : Migrating schema "PUBLIC" to version "1 - create customers"
2023-09-23T11:24:05.296+10:00  INFO 593 --- [           main] o.f.core.internal.command.DbMigrate      : Migrating schema "PUBLIC" to version "2 - create categories"
2023-09-23T11:24:05.298+10:00  INFO 593 --- [           main] o.f.core.internal.command.DbMigrate      : Migrating schema "PUBLIC" to version "3 - create products"
2023-09-23T11:24:05.299+10:00  INFO 593 --- [           main] o.f.core.internal.command.DbMigrate      : Migrating schema "PUBLIC" to version "4 - create notifications"
2023-09-23T11:24:05.301+10:00  INFO 593 --- [           main] o.f.core.internal.command.DbMigrate      : Migrating schema "PUBLIC" to version "5 - create deliveries"
2023-09-23T11:24:05.302+10:00  INFO 593 --- [           main] o.f.core.internal.command.DbMigrate      : Migrating schema "PUBLIC" to version "6 - create carts"
2023-09-23T11:24:05.303+10:00  INFO 593 --- [           main] o.f.core.internal.command.DbMigrate      : Migrating schema "PUBLIC" to version "7 - create current prices"
2023-09-23T11:24:05.305+10:00  INFO 593 --- [           main] o.f.core.internal.command.DbMigrate      : Migrating schema "PUBLIC" to version "8 - create cart contents"
2023-09-23T11:24:05.308+10:00  INFO 593 --- [           main] o.f.core.internal.command.DbMigrate      : Migrating schema "PUBLIC" to version "9 - create delivery contents"
2023-09-23T11:24:05.310+10:00  INFO 593 --- [           main] o.f.core.internal.command.DbMigrate      : Migrating schema "PUBLIC" to version "10 - create notifications associations"
2023-09-23T11:24:05.311+10:00  INFO 593 --- [           main] o.f.core.internal.command.DbMigrate      : Migrating schema "PUBLIC" to version "11 - create price histories"
2023-09-23T11:24:05.313+10:00  INFO 593 --- [           main] o.f.core.internal.command.DbMigrate      : Migrating schema "PUBLIC" to version "12 - insert customer"
2023-09-23T11:24:05.315+10:00  INFO 593 --- [           main] o.f.core.internal.command.DbMigrate      : Migrating schema "PUBLIC" to version "13 - insert categories"
2023-09-23T11:24:05.316+10:00  INFO 593 --- [           main] o.f.core.internal.command.DbMigrate      : Migrating schema "PUBLIC" to version "14 - insert product"
2023-09-23T11:24:05.318+10:00  INFO 593 --- [           main] o.f.core.internal.command.DbMigrate      : Migrating schema "PUBLIC" to version "15 - insert delivery"
2023-09-23T11:24:05.319+10:00  INFO 593 --- [           main] o.f.core.internal.command.DbMigrate      : Migrating schema "PUBLIC" to version "16 - insert cart"
2023-09-23T11:24:05.320+10:00  INFO 593 --- [           main] o.f.core.internal.command.DbMigrate      : Migrating schema "PUBLIC" to version "17 - insert notification"
2023-09-23T11:24:05.321+10:00  INFO 593 --- [           main] o.f.core.internal.command.DbMigrate      : Migrating schema "PUBLIC" to version "18 - insert cart contents"
2023-09-23T11:24:05.322+10:00  INFO 593 --- [           main] o.f.core.internal.command.DbMigrate      : Successfully applied 18 migrations to schema "PUBLIC", now at version v18 (execution time 00:00.027s)
2023-09-23T11:24:05.330+10:00  INFO 593 --- [           main] o.f.c.i.command.clean.CleanExecutor      : Successfully dropped pre-schema database level objects (execution time 00:00.000s)
2023-09-23T11:24:05.331+10:00  INFO 593 --- [           main] o.f.c.i.command.clean.CleanExecutor      : Successfully cleaned schema "PUBLIC" (execution time 00:00.000s)
2023-09-23T11:24:05.331+10:00  INFO 593 --- [           main] o.f.c.i.command.clean.CleanExecutor      : Successfully cleaned schema "PUBLIC" (execution time 00:00.000s)
2023-09-23T11:24:05.331+10:00  INFO 593 --- [           main] o.f.c.i.command.clean.CleanExecutor      : Successfully dropped post-schema database level objects (execution time 00:00.000s)
]]></system-out>
  </testcase>
  <testcase name="updateDeliveryIncorrectId" classname="au.edu.rmit.sept.supermarkets.products.Repositories.DeliveryRepositoryImplTest" time="0.036">
    <system-out><![CDATA[2023-09-23T11:24:05.338+10:00  INFO 593 --- [           main] o.f.c.i.s.JdbcTableSchemaHistory         : Schema history table "PUBLIC"."flyway_schema_history" does not exist yet
2023-09-23T11:24:05.338+10:00  INFO 593 --- [           main] o.f.core.internal.command.DbValidate     : Successfully validated 22 migrations (execution time 00:00.003s)
2023-09-23T11:24:05.338+10:00  INFO 593 --- [           main] o.f.c.i.s.JdbcTableSchemaHistory         : Creating Schema History table "PUBLIC"."flyway_schema_history" ...
2023-09-23T11:24:05.340+10:00  INFO 593 --- [           main] o.f.core.internal.command.DbMigrate      : Current version of schema "PUBLIC": << Empty Schema >>
2023-09-23T11:24:05.341+10:00  INFO 593 --- [           main] o.f.core.internal.command.DbMigrate      : Migrating schema "PUBLIC" to version "1 - create customers"
2023-09-23T11:24:05.342+10:00  INFO 593 --- [           main] o.f.core.internal.command.DbMigrate      : Migrating schema "PUBLIC" to version "2 - create categories"
2023-09-23T11:24:05.344+10:00  INFO 593 --- [           main] o.f.core.internal.command.DbMigrate      : Migrating schema "PUBLIC" to version "3 - create products"
2023-09-23T11:24:05.345+10:00  INFO 593 --- [           main] o.f.core.internal.command.DbMigrate      : Migrating schema "PUBLIC" to version "4 - create notifications"
2023-09-23T11:24:05.347+10:00  INFO 593 --- [           main] o.f.core.internal.command.DbMigrate      : Migrating schema "PUBLIC" to version "5 - create deliveries"
2023-09-23T11:24:05.348+10:00  INFO 593 --- [           main] o.f.core.internal.command.DbMigrate      : Migrating schema "PUBLIC" to version "6 - create carts"
2023-09-23T11:24:05.349+10:00  INFO 593 --- [           main] o.f.core.internal.command.DbMigrate      : Migrating schema "PUBLIC" to version "7 - create current prices"
2023-09-23T11:24:05.350+10:00  INFO 593 --- [           main] o.f.core.internal.command.DbMigrate      : Migrating schema "PUBLIC" to version "8 - create cart contents"
2023-09-23T11:24:05.351+10:00  INFO 593 --- [           main] o.f.core.internal.command.DbMigrate      : Migrating schema "PUBLIC" to version "9 - create delivery contents"
2023-09-23T11:24:05.353+10:00  INFO 593 --- [           main] o.f.core.internal.command.DbMigrate      : Migrating schema "PUBLIC" to version "10 - create notifications associations"
2023-09-23T11:24:05.355+10:00  INFO 593 --- [           main] o.f.core.internal.command.DbMigrate      : Migrating schema "PUBLIC" to version "11 - create price histories"
2023-09-23T11:24:05.356+10:00  INFO 593 --- [           main] o.f.core.internal.command.DbMigrate      : Migrating schema "PUBLIC" to version "12 - insert customer"
2023-09-23T11:24:05.357+10:00  INFO 593 --- [           main] o.f.core.internal.command.DbMigrate      : Migrating schema "PUBLIC" to version "13 - insert categories"
2023-09-23T11:24:05.358+10:00  INFO 593 --- [           main] o.f.core.internal.command.DbMigrate      : Migrating schema "PUBLIC" to version "14 - insert product"
2023-09-23T11:24:05.359+10:00  INFO 593 --- [           main] o.f.core.internal.command.DbMigrate      : Migrating schema "PUBLIC" to version "15 - insert delivery"
2023-09-23T11:24:05.360+10:00  INFO 593 --- [           main] o.f.core.internal.command.DbMigrate      : Migrating schema "PUBLIC" to version "16 - insert cart"
2023-09-23T11:24:05.361+10:00  INFO 593 --- [           main] o.f.core.internal.command.DbMigrate      : Migrating schema "PUBLIC" to version "17 - insert notification"
2023-09-23T11:24:05.362+10:00  INFO 593 --- [           main] o.f.core.internal.command.DbMigrate      : Migrating schema "PUBLIC" to version "18 - insert cart contents"
2023-09-23T11:24:05.363+10:00  INFO 593 --- [           main] o.f.core.internal.command.DbMigrate      : Successfully applied 18 migrations to schema "PUBLIC", now at version v18 (execution time 00:00.022s)
2023-09-23T11:24:05.367+10:00  INFO 593 --- [           main] o.f.c.i.command.clean.CleanExecutor      : Successfully dropped pre-schema database level objects (execution time 00:00.000s)
2023-09-23T11:24:05.368+10:00  INFO 593 --- [           main] o.f.c.i.command.clean.CleanExecutor      : Successfully cleaned schema "PUBLIC" (execution time 00:00.000s)
2023-09-23T11:24:05.368+10:00  INFO 593 --- [           main] o.f.c.i.command.clean.CleanExecutor      : Successfully cleaned schema "PUBLIC" (execution time 00:00.000s)
2023-09-23T11:24:05.368+10:00  INFO 593 --- [           main] o.f.c.i.command.clean.CleanExecutor      : Successfully dropped post-schema database level objects (execution time 00:00.000s)
]]></system-out>
  </testcase>
  <testcase name="ReturnsWhenAvailable" classname="au.edu.rmit.sept.supermarkets.products.Repositories.DeliveryRepositoryImplTest" time="0.043">
    <system-out><![CDATA[2023-09-23T11:24:05.374+10:00  INFO 593 --- [           main] o.f.c.i.s.JdbcTableSchemaHistory         : Schema history table "PUBLIC"."flyway_schema_history" does not exist yet
2023-09-23T11:24:05.374+10:00  INFO 593 --- [           main] o.f.core.internal.command.DbValidate     : Successfully validated 22 migrations (execution time 00:00.003s)
2023-09-23T11:24:05.374+10:00  INFO 593 --- [           main] o.f.c.i.s.JdbcTableSchemaHistory         : Creating Schema History table "PUBLIC"."flyway_schema_history" ...
2023-09-23T11:24:05.375+10:00  INFO 593 --- [           main] o.f.core.internal.command.DbMigrate      : Current version of schema "PUBLIC": << Empty Schema >>
2023-09-23T11:24:05.376+10:00  INFO 593 --- [           main] o.f.core.internal.command.DbMigrate      : Migrating schema "PUBLIC" to version "1 - create customers"
2023-09-23T11:24:05.377+10:00  INFO 593 --- [           main] o.f.core.internal.command.DbMigrate      : Migrating schema "PUBLIC" to version "2 - create categories"
2023-09-23T11:24:05.379+10:00  INFO 593 --- [           main] o.f.core.internal.command.DbMigrate      : Migrating schema "PUBLIC" to version "3 - create products"
2023-09-23T11:24:05.380+10:00  INFO 593 --- [           main] o.f.core.internal.command.DbMigrate      : Migrating schema "PUBLIC" to version "4 - create notifications"
2023-09-23T11:24:05.381+10:00  INFO 593 --- [           main] o.f.core.internal.command.DbMigrate      : Migrating schema "PUBLIC" to version "5 - create deliveries"
2023-09-23T11:24:05.382+10:00  INFO 593 --- [           main] o.f.core.internal.command.DbMigrate      : Migrating schema "PUBLIC" to version "6 - create carts"
2023-09-23T11:24:05.384+10:00  INFO 593 --- [           main] o.f.core.internal.command.DbMigrate      : Migrating schema "PUBLIC" to version "7 - create current prices"
2023-09-23T11:24:05.385+10:00  INFO 593 --- [           main] o.f.core.internal.command.DbMigrate      : Migrating schema "PUBLIC" to version "8 - create cart contents"
2023-09-23T11:24:05.386+10:00  INFO 593 --- [           main] o.f.core.internal.command.DbMigrate      : Migrating schema "PUBLIC" to version "9 - create delivery contents"
2023-09-23T11:24:05.387+10:00  INFO 593 --- [           main] o.f.core.internal.command.DbMigrate      : Migrating schema "PUBLIC" to version "10 - create notifications associations"
2023-09-23T11:24:05.389+10:00  INFO 593 --- [           main] o.f.core.internal.command.DbMigrate      : Migrating schema "PUBLIC" to version "11 - create price histories"
2023-09-23T11:24:05.390+10:00  INFO 593 --- [           main] o.f.core.internal.command.DbMigrate      : Migrating schema "PUBLIC" to version "12 - insert customer"
2023-09-23T11:24:05.391+10:00  INFO 593 --- [           main] o.f.core.internal.command.DbMigrate      : Migrating schema "PUBLIC" to version "13 - insert categories"
2023-09-23T11:24:05.392+10:00  INFO 593 --- [           main] o.f.core.internal.command.DbMigrate      : Migrating schema "PUBLIC" to version "14 - insert product"
2023-09-23T11:24:05.393+10:00  INFO 593 --- [           main] o.f.core.internal.command.DbMigrate      : Migrating schema "PUBLIC" to version "15 - insert delivery"
2023-09-23T11:24:05.394+10:00  INFO 593 --- [           main] o.f.core.internal.command.DbMigrate      : Migrating schema "PUBLIC" to version "16 - insert cart"
2023-09-23T11:24:05.395+10:00  INFO 593 --- [           main] o.f.core.internal.command.DbMigrate      : Migrating schema "PUBLIC" to version "17 - insert notification"
2023-09-23T11:24:05.396+10:00  INFO 593 --- [           main] o.f.core.internal.command.DbMigrate      : Migrating schema "PUBLIC" to version "18 - insert cart contents"
2023-09-23T11:24:05.400+10:00  INFO 593 --- [           main] o.f.core.internal.command.DbMigrate      : Successfully applied 18 migrations to schema "PUBLIC", now at version v18 (execution time 00:00.024s)
2023-09-23T11:24:05.402+10:00  INFO 593 --- [           main] o.f.c.i.command.clean.CleanExecutor      : Successfully dropped pre-schema database level objects (execution time 00:00.000s)
2023-09-23T11:24:05.411+10:00  INFO 593 --- [           main] o.f.c.i.command.clean.CleanExecutor      : Successfully cleaned schema "PUBLIC" (execution time 00:00.008s)
2023-09-23T11:24:05.411+10:00  INFO 593 --- [           main] o.f.c.i.command.clean.CleanExecutor      : Successfully cleaned schema "PUBLIC" (execution time 00:00.000s)
2023-09-23T11:24:05.411+10:00  INFO 593 --- [           main] o.f.c.i.command.clean.CleanExecutor      : Successfully dropped post-schema database level objects (execution time 00:00.000s)
]]></system-out>
  </testcase>
  <testcase name="updateDeliveryCorrectId" classname="au.edu.rmit.sept.supermarkets.products.Repositories.DeliveryRepositoryImplTest" time="0.035">
    <system-out><![CDATA[2023-09-23T11:24:05.418+10:00  INFO 593 --- [           main] o.f.c.i.s.JdbcTableSchemaHistory         : Schema history table "PUBLIC"."flyway_schema_history" does not exist yet
2023-09-23T11:24:05.418+10:00  INFO 593 --- [           main] o.f.core.internal.command.DbValidate     : Successfully validated 22 migrations (execution time 00:00.004s)
2023-09-23T11:24:05.418+10:00  INFO 593 --- [           main] o.f.c.i.s.JdbcTableSchemaHistory         : Creating Schema History table "PUBLIC"."flyway_schema_history" ...
2023-09-23T11:24:05.419+10:00  INFO 593 --- [           main] o.f.core.internal.command.DbMigrate      : Current version of schema "PUBLIC": << Empty Schema >>
2023-09-23T11:24:05.420+10:00  INFO 593 --- [           main] o.f.core.internal.command.DbMigrate      : Migrating schema "PUBLIC" to version "1 - create customers"
2023-09-23T11:24:05.421+10:00  INFO 593 --- [           main] o.f.core.internal.command.DbMigrate      : Migrating schema "PUBLIC" to version "2 - create categories"
2023-09-23T11:24:05.422+10:00  INFO 593 --- [           main] o.f.core.internal.command.DbMigrate      : Migrating schema "PUBLIC" to version "3 - create products"
2023-09-23T11:24:05.423+10:00  INFO 593 --- [           main] o.f.core.internal.command.DbMigrate      : Migrating schema "PUBLIC" to version "4 - create notifications"
2023-09-23T11:24:05.424+10:00  INFO 593 --- [           main] o.f.core.internal.command.DbMigrate      : Migrating schema "PUBLIC" to version "5 - create deliveries"
2023-09-23T11:24:05.425+10:00  INFO 593 --- [           main] o.f.core.internal.command.DbMigrate      : Migrating schema "PUBLIC" to version "6 - create carts"
2023-09-23T11:24:05.428+10:00  INFO 593 --- [           main] o.f.core.internal.command.DbMigrate      : Migrating schema "PUBLIC" to version "7 - create current prices"
2023-09-23T11:24:05.429+10:00  INFO 593 --- [           main] o.f.core.internal.command.DbMigrate      : Migrating schema "PUBLIC" to version "8 - create cart contents"
2023-09-23T11:24:05.431+10:00  INFO 593 --- [           main] o.f.core.internal.command.DbMigrate      : Migrating schema "PUBLIC" to version "9 - create delivery contents"
2023-09-23T11:24:05.432+10:00  INFO 593 --- [           main] o.f.core.internal.command.DbMigrate      : Migrating schema "PUBLIC" to version "10 - create notifications associations"
2023-09-23T11:24:05.434+10:00  INFO 593 --- [           main] o.f.core.internal.command.DbMigrate      : Migrating schema "PUBLIC" to version "11 - create price histories"
2023-09-23T11:24:05.437+10:00  INFO 593 --- [           main] o.f.core.internal.command.DbMigrate      : Migrating schema "PUBLIC" to version "12 - insert customer"
2023-09-23T11:24:05.438+10:00  INFO 593 --- [           main] o.f.core.internal.command.DbMigrate      : Migrating schema "PUBLIC" to version "13 - insert categories"
2023-09-23T11:24:05.439+10:00  INFO 593 --- [           main] o.f.core.internal.command.DbMigrate      : Migrating schema "PUBLIC" to version "14 - insert product"
2023-09-23T11:24:05.440+10:00  INFO 593 --- [           main] o.f.core.internal.command.DbMigrate      : Migrating schema "PUBLIC" to version "15 - insert delivery"
2023-09-23T11:24:05.441+10:00  INFO 593 --- [           main] o.f.core.internal.command.DbMigrate      : Migrating schema "PUBLIC" to version "16 - insert cart"
2023-09-23T11:24:05.442+10:00  INFO 593 --- [           main] o.f.core.internal.command.DbMigrate      : Migrating schema "PUBLIC" to version "17 - insert notification"
2023-09-23T11:24:05.443+10:00  INFO 593 --- [           main] o.f.core.internal.command.DbMigrate      : Migrating schema "PUBLIC" to version "18 - insert cart contents"
2023-09-23T11:24:05.443+10:00  INFO 593 --- [           main] o.f.core.internal.command.DbMigrate      : Successfully applied 18 migrations to schema "PUBLIC", now at version v18 (execution time 00:00.024s)
2023-09-23T11:24:05.445+10:00  INFO 593 --- [           main] o.f.c.i.command.clean.CleanExecutor      : Successfully dropped pre-schema database level objects (execution time 00:00.000s)
2023-09-23T11:24:05.446+10:00  INFO 593 --- [           main] o.f.c.i.command.clean.CleanExecutor      : Successfully cleaned schema "PUBLIC" (execution time 00:00.001s)
2023-09-23T11:24:05.447+10:00  INFO 593 --- [           main] o.f.c.i.command.clean.CleanExecutor      : Successfully cleaned schema "PUBLIC" (execution time 00:00.000s)
2023-09-23T11:24:05.447+10:00  INFO 593 --- [           main] o.f.c.i.command.clean.CleanExecutor      : Successfully dropped post-schema database level objects (execution time 00:00.000s)
]]></system-out>
  </testcase>
  <testcase name="deleteDeliveryNotFound" classname="au.edu.rmit.sept.supermarkets.products.Repositories.DeliveryRepositoryImplTest" time="0.028">
    <system-out><![CDATA[2023-09-23T11:24:05.453+10:00  INFO 593 --- [           main] o.f.c.i.s.JdbcTableSchemaHistory         : Schema history table "PUBLIC"."flyway_schema_history" does not exist yet
2023-09-23T11:24:05.453+10:00  INFO 593 --- [           main] o.f.core.internal.command.DbValidate     : Successfully validated 22 migrations (execution time 00:00.003s)
2023-09-23T11:24:05.453+10:00  INFO 593 --- [           main] o.f.c.i.s.JdbcTableSchemaHistory         : Creating Schema History table "PUBLIC"."flyway_schema_history" ...
2023-09-23T11:24:05.454+10:00  INFO 593 --- [           main] o.f.core.internal.command.DbMigrate      : Current version of schema "PUBLIC": << Empty Schema >>
2023-09-23T11:24:05.454+10:00  INFO 593 --- [           main] o.f.core.internal.command.DbMigrate      : Migrating schema "PUBLIC" to version "1 - create customers"
2023-09-23T11:24:05.456+10:00  INFO 593 --- [           main] o.f.core.internal.command.DbMigrate      : Migrating schema "PUBLIC" to version "2 - create categories"
2023-09-23T11:24:05.457+10:00  INFO 593 --- [           main] o.f.core.internal.command.DbMigrate      : Migrating schema "PUBLIC" to version "3 - create products"
2023-09-23T11:24:05.458+10:00  INFO 593 --- [           main] o.f.core.internal.command.DbMigrate      : Migrating schema "PUBLIC" to version "4 - create notifications"
2023-09-23T11:24:05.459+10:00  INFO 593 --- [           main] o.f.core.internal.command.DbMigrate      : Migrating schema "PUBLIC" to version "5 - create deliveries"
2023-09-23T11:24:05.460+10:00  INFO 593 --- [           main] o.f.core.internal.command.DbMigrate      : Migrating schema "PUBLIC" to version "6 - create carts"
2023-09-23T11:24:05.461+10:00  INFO 593 --- [           main] o.f.core.internal.command.DbMigrate      : Migrating schema "PUBLIC" to version "7 - create current prices"
2023-09-23T11:24:05.462+10:00  INFO 593 --- [           main] o.f.core.internal.command.DbMigrate      : Migrating schema "PUBLIC" to version "8 - create cart contents"
2023-09-23T11:24:05.463+10:00  INFO 593 --- [           main] o.f.core.internal.command.DbMigrate      : Migrating schema "PUBLIC" to version "9 - create delivery contents"
2023-09-23T11:24:05.464+10:00  INFO 593 --- [           main] o.f.core.internal.command.DbMigrate      : Migrating schema "PUBLIC" to version "10 - create notifications associations"
2023-09-23T11:24:05.465+10:00  INFO 593 --- [           main] o.f.core.internal.command.DbMigrate      : Migrating schema "PUBLIC" to version "11 - create price histories"
2023-09-23T11:24:05.467+10:00  INFO 593 --- [           main] o.f.core.internal.command.DbMigrate      : Migrating schema "PUBLIC" to version "12 - insert customer"
2023-09-23T11:24:05.468+10:00  INFO 593 --- [           main] o.f.core.internal.command.DbMigrate      : Migrating schema "PUBLIC" to version "13 - insert categories"
2023-09-23T11:24:05.468+10:00  INFO 593 --- [           main] o.f.core.internal.command.DbMigrate      : Migrating schema "PUBLIC" to version "14 - insert product"
2023-09-23T11:24:05.469+10:00  INFO 593 --- [           main] o.f.core.internal.command.DbMigrate      : Migrating schema "PUBLIC" to version "15 - insert delivery"
2023-09-23T11:24:05.470+10:00  INFO 593 --- [           main] o.f.core.internal.command.DbMigrate      : Migrating schema "PUBLIC" to version "16 - insert cart"
2023-09-23T11:24:05.471+10:00  INFO 593 --- [           main] o.f.core.internal.command.DbMigrate      : Migrating schema "PUBLIC" to version "17 - insert notification"
2023-09-23T11:24:05.472+10:00  INFO 593 --- [           main] o.f.core.internal.command.DbMigrate      : Migrating schema "PUBLIC" to version "18 - insert cart contents"
2023-09-23T11:24:05.473+10:00  INFO 593 --- [           main] o.f.core.internal.command.DbMigrate      : Successfully applied 18 migrations to schema "PUBLIC", now at version v18 (execution time 00:00.018s)
2023-09-23T11:24:05.475+10:00  INFO 593 --- [           main] o.f.c.i.command.clean.CleanExecutor      : Successfully dropped pre-schema database level objects (execution time 00:00.000s)
2023-09-23T11:24:05.476+10:00  INFO 593 --- [           main] o.f.c.i.command.clean.CleanExecutor      : Successfully cleaned schema "PUBLIC" (execution time 00:00.000s)
2023-09-23T11:24:05.476+10:00  INFO 593 --- [           main] o.f.c.i.command.clean.CleanExecutor      : Successfully cleaned schema "PUBLIC" (execution time 00:00.000s)
2023-09-23T11:24:05.476+10:00  INFO 593 --- [           main] o.f.c.i.command.clean.CleanExecutor      : Successfully dropped post-schema database level objects (execution time 00:00.000s)
]]></system-out>
  </testcase>
  <testcase name="returnsContents" classname="au.edu.rmit.sept.supermarkets.products.Repositories.DeliveryRepositoryImplTest" time="0.031">
    <system-out><![CDATA[2023-09-23T11:24:05.482+10:00  INFO 593 --- [           main] o.f.c.i.s.JdbcTableSchemaHistory         : Schema history table "PUBLIC"."flyway_schema_history" does not exist yet
2023-09-23T11:24:05.482+10:00  INFO 593 --- [           main] o.f.core.internal.command.DbValidate     : Successfully validated 22 migrations (execution time 00:00.003s)
2023-09-23T11:24:05.482+10:00  INFO 593 --- [           main] o.f.c.i.s.JdbcTableSchemaHistory         : Creating Schema History table "PUBLIC"."flyway_schema_history" ...
2023-09-23T11:24:05.483+10:00  INFO 593 --- [           main] o.f.core.internal.command.DbMigrate      : Current version of schema "PUBLIC": << Empty Schema >>
2023-09-23T11:24:05.484+10:00  INFO 593 --- [           main] o.f.core.internal.command.DbMigrate      : Migrating schema "PUBLIC" to version "1 - create customers"
2023-09-23T11:24:05.485+10:00  INFO 593 --- [           main] o.f.core.internal.command.DbMigrate      : Migrating schema "PUBLIC" to version "2 - create categories"
2023-09-23T11:24:05.486+10:00  INFO 593 --- [           main] o.f.core.internal.command.DbMigrate      : Migrating schema "PUBLIC" to version "3 - create products"
2023-09-23T11:24:05.488+10:00  INFO 593 --- [           main] o.f.core.internal.command.DbMigrate      : Migrating schema "PUBLIC" to version "4 - create notifications"
2023-09-23T11:24:05.489+10:00  INFO 593 --- [           main] o.f.core.internal.command.DbMigrate      : Migrating schema "PUBLIC" to version "5 - create deliveries"
2023-09-23T11:24:05.490+10:00  INFO 593 --- [           main] o.f.core.internal.command.DbMigrate      : Migrating schema "PUBLIC" to version "6 - create carts"
2023-09-23T11:24:05.491+10:00  INFO 593 --- [           main] o.f.core.internal.command.DbMigrate      : Migrating schema "PUBLIC" to version "7 - create current prices"
2023-09-23T11:24:05.493+10:00  INFO 593 --- [           main] o.f.core.internal.command.DbMigrate      : Migrating schema "PUBLIC" to version "8 - create cart contents"
2023-09-23T11:24:05.494+10:00  INFO 593 --- [           main] o.f.core.internal.command.DbMigrate      : Migrating schema "PUBLIC" to version "9 - create delivery contents"
2023-09-23T11:24:05.496+10:00  INFO 593 --- [           main] o.f.core.internal.command.DbMigrate      : Migrating schema "PUBLIC" to version "10 - create notifications associations"
2023-09-23T11:24:05.497+10:00  INFO 593 --- [           main] o.f.core.internal.command.DbMigrate      : Migrating schema "PUBLIC" to version "11 - create price histories"
2023-09-23T11:24:05.498+10:00  INFO 593 --- [           main] o.f.core.internal.command.DbMigrate      : Migrating schema "PUBLIC" to version "12 - insert customer"
2023-09-23T11:24:05.499+10:00  INFO 593 --- [           main] o.f.core.internal.command.DbMigrate      : Migrating schema "PUBLIC" to version "13 - insert categories"
2023-09-23T11:24:05.500+10:00  INFO 593 --- [           main] o.f.core.internal.command.DbMigrate      : Migrating schema "PUBLIC" to version "14 - insert product"
2023-09-23T11:24:05.501+10:00  INFO 593 --- [           main] o.f.core.internal.command.DbMigrate      : Migrating schema "PUBLIC" to version "15 - insert delivery"
2023-09-23T11:24:05.501+10:00  INFO 593 --- [           main] o.f.core.internal.command.DbMigrate      : Migrating schema "PUBLIC" to version "16 - insert cart"
2023-09-23T11:24:05.502+10:00  INFO 593 --- [           main] o.f.core.internal.command.DbMigrate      : Migrating schema "PUBLIC" to version "17 - insert notification"
2023-09-23T11:24:05.503+10:00  INFO 593 --- [           main] o.f.core.internal.command.DbMigrate      : Migrating schema "PUBLIC" to version "18 - insert cart contents"
2023-09-23T11:24:05.503+10:00  INFO 593 --- [           main] o.f.core.internal.command.DbMigrate      : Successfully applied 18 migrations to schema "PUBLIC", now at version v18 (execution time 00:00.019s)
2023-09-23T11:24:05.507+10:00  INFO 593 --- [           main] o.f.c.i.command.clean.CleanExecutor      : Successfully dropped pre-schema database level objects (execution time 00:00.000s)
2023-09-23T11:24:05.508+10:00  INFO 593 --- [           main] o.f.c.i.command.clean.CleanExecutor      : Successfully cleaned schema "PUBLIC" (execution time 00:00.000s)
2023-09-23T11:24:05.508+10:00  INFO 593 --- [           main] o.f.c.i.command.clean.CleanExecutor      : Successfully cleaned schema "PUBLIC" (execution time 00:00.000s)
2023-09-23T11:24:05.508+10:00  INFO 593 --- [           main] o.f.c.i.command.clean.CleanExecutor      : Successfully dropped post-schema database level objects (execution time 00:00.000s)
]]></system-out>
  </testcase>
  <testcase name="insertDelivery" classname="au.edu.rmit.sept.supermarkets.products.Repositories.DeliveryRepositoryImplTest" time="0.039">
    <system-out><![CDATA[2023-09-23T11:24:05.514+10:00  INFO 593 --- [           main] o.f.c.i.s.JdbcTableSchemaHistory         : Schema history table "PUBLIC"."flyway_schema_history" does not exist yet
2023-09-23T11:24:05.514+10:00  INFO 593 --- [           main] o.f.core.internal.command.DbValidate     : Successfully validated 22 migrations (execution time 00:00.003s)
2023-09-23T11:24:05.514+10:00  INFO 593 --- [           main] o.f.c.i.s.JdbcTableSchemaHistory         : Creating Schema History table "PUBLIC"."flyway_schema_history" ...
2023-09-23T11:24:05.515+10:00  INFO 593 --- [           main] o.f.core.internal.command.DbMigrate      : Current version of schema "PUBLIC": << Empty Schema >>
2023-09-23T11:24:05.516+10:00  INFO 593 --- [           main] o.f.core.internal.command.DbMigrate      : Migrating schema "PUBLIC" to version "1 - create customers"
2023-09-23T11:24:05.516+10:00  INFO 593 --- [           main] o.f.core.internal.command.DbMigrate      : Migrating schema "PUBLIC" to version "2 - create categories"
2023-09-23T11:24:05.525+10:00  INFO 593 --- [           main] o.f.core.internal.command.DbMigrate      : Migrating schema "PUBLIC" to version "3 - create products"
2023-09-23T11:24:05.526+10:00  INFO 593 --- [           main] o.f.core.internal.command.DbMigrate      : Migrating schema "PUBLIC" to version "4 - create notifications"
2023-09-23T11:24:05.527+10:00  INFO 593 --- [           main] o.f.core.internal.command.DbMigrate      : Migrating schema "PUBLIC" to version "5 - create deliveries"
2023-09-23T11:24:05.528+10:00  INFO 593 --- [           main] o.f.core.internal.command.DbMigrate      : Migrating schema "PUBLIC" to version "6 - create carts"
2023-09-23T11:24:05.529+10:00  INFO 593 --- [           main] o.f.core.internal.command.DbMigrate      : Migrating schema "PUBLIC" to version "7 - create current prices"
2023-09-23T11:24:05.530+10:00  INFO 593 --- [           main] o.f.core.internal.command.DbMigrate      : Migrating schema "PUBLIC" to version "8 - create cart contents"
2023-09-23T11:24:05.531+10:00  INFO 593 --- [           main] o.f.core.internal.command.DbMigrate      : Migrating schema "PUBLIC" to version "9 - create delivery contents"
2023-09-23T11:24:05.532+10:00  INFO 593 --- [           main] o.f.core.internal.command.DbMigrate      : Migrating schema "PUBLIC" to version "10 - create notifications associations"
2023-09-23T11:24:05.533+10:00  INFO 593 --- [           main] o.f.core.internal.command.DbMigrate      : Migrating schema "PUBLIC" to version "11 - create price histories"
2023-09-23T11:24:05.539+10:00  INFO 593 --- [           main] o.f.core.internal.command.DbMigrate      : Migrating schema "PUBLIC" to version "12 - insert customer"
2023-09-23T11:24:05.540+10:00  INFO 593 --- [           main] o.f.core.internal.command.DbMigrate      : Migrating schema "PUBLIC" to version "13 - insert categories"
2023-09-23T11:24:05.540+10:00  INFO 593 --- [           main] o.f.core.internal.command.DbMigrate      : Migrating schema "PUBLIC" to version "14 - insert product"
2023-09-23T11:24:05.541+10:00  INFO 593 --- [           main] o.f.core.internal.command.DbMigrate      : Migrating schema "PUBLIC" to version "15 - insert delivery"
2023-09-23T11:24:05.542+10:00  INFO 593 --- [           main] o.f.core.internal.command.DbMigrate      : Migrating schema "PUBLIC" to version "16 - insert cart"
2023-09-23T11:24:05.543+10:00  INFO 593 --- [           main] o.f.core.internal.command.DbMigrate      : Migrating schema "PUBLIC" to version "17 - insert notification"
2023-09-23T11:24:05.543+10:00  INFO 593 --- [           main] o.f.core.internal.command.DbMigrate      : Migrating schema "PUBLIC" to version "18 - insert cart contents"
2023-09-23T11:24:05.544+10:00  INFO 593 --- [           main] o.f.core.internal.command.DbMigrate      : Successfully applied 18 migrations to schema "PUBLIC", now at version v18 (execution time 00:00.028s)
2023-09-23T11:24:05.546+10:00  INFO 593 --- [           main] o.f.c.i.command.clean.CleanExecutor      : Successfully dropped pre-schema database level objects (execution time 00:00.000s)
2023-09-23T11:24:05.547+10:00  INFO 593 --- [           main] o.f.c.i.command.clean.CleanExecutor      : Successfully cleaned schema "PUBLIC" (execution time 00:00.000s)
2023-09-23T11:24:05.547+10:00  INFO 593 --- [           main] o.f.c.i.command.clean.CleanExecutor      : Successfully cleaned schema "PUBLIC" (execution time 00:00.000s)
2023-09-23T11:24:05.547+10:00  INFO 593 --- [           main] o.f.c.i.command.clean.CleanExecutor      : Successfully dropped post-schema database level objects (execution time 00:00.000s)
]]></system-out>
  </testcase>
</testsuite>