<?xml version="1.0" encoding="UTF-8"?>
<testsuite xmlns:xsi="http://www.w3.org/2001/XMLSchema-instance" xsi:noNamespaceSchemaLocation="https://maven.apache.org/surefire/maven-surefire-plugin/xsd/surefire-test-report-3.0.xsd" version="3.0" name="au.edu.rmit.sept.supermarkets.products.Repositories.NotificationsRepositoryImplTest" time="0.133" tests="5" errors="0" skipped="0" failures="0">
  <properties>
    <property name="java.specification.version" value="20"/>
    <property name="sun.jnu.encoding" value="UTF-8"/>
    <property name="java.class.path" value="/Users/Kiran/github-classroom/SEPT/team-project-group-p03-08/backend/products/target/test-classes:/Users/Kiran/github-classroom/SEPT/team-project-group-p03-08/backend/products/target/classes:/Users/Kiran/.m2/repository/org/springframework/boot/spring-boot-starter-web/3.1.2/spring-boot-starter-web-3.1.2.jar:/Users/Kiran/.m2/repository/org/springframework/boot/spring-boot-starter/3.1.2/spring-boot-starter-3.1.2.jar:/Users/Kiran/.m2/repository/org/springframework/boot/spring-boot/3.1.2/spring-boot-3.1.2.jar:/Users/Kiran/.m2/repository/org/springframework/boot/spring-boot-autoconfigure/3.1.2/spring-boot-autoconfigure-3.1.2.jar:/Users/Kiran/.m2/repository/org/springframework/boot/spring-boot-starter-logging/3.1.2/spring-boot-starter-logging-3.1.2.jar:/Users/Kiran/.m2/repository/ch/qos/logback/logback-classic/1.4.8/logback-classic-1.4.8.jar:/Users/Kiran/.m2/repository/ch/qos/logback/logback-core/1.4.8/logback-core-1.4.8.jar:/Users/Kiran/.m2/repository/org/apache/logging/log4j/log4j-to-slf4j/2.20.0/log4j-to-slf4j-2.20.0.jar:/Users/Kiran/.m2/repository/org/apache/logging/log4j/log4j-api/2.20.0/log4j-api-2.20.0.jar:/Users/Kiran/.m2/repository/org/slf4j/jul-to-slf4j/2.0.7/jul-to-slf4j-2.0.7.jar:/Users/Kiran/.m2/repository/jakarta/annotation/jakarta.annotation-api/2.1.1/jakarta.annotation-api-2.1.1.jar:/Users/Kiran/.m2/repository/org/yaml/snakeyaml/1.33/snakeyaml-1.33.jar:/Users/Kiran/.m2/repository/org/springframework/boot/spring-boot-starter-json/3.1.2/spring-boot-starter-json-3.1.2.jar:/Users/Kiran/.m2/repository/com/fasterxml/jackson/core/jackson-databind/2.15.2/jackson-databind-2.15.2.jar:/Users/Kiran/.m2/repository/com/fasterxml/jackson/core/jackson-annotations/2.15.2/jackson-annotations-2.15.2.jar:/Users/Kiran/.m2/repository/com/fasterxml/jackson/datatype/jackson-datatype-jdk8/2.15.2/jackson-datatype-jdk8-2.15.2.jar:/Users/Kiran/.m2/repository/com/fasterxml/jackson/datatype/jackson-datatype-jsr310/2.15.2/jackson-datatype-jsr310-2.15.2.jar:/Users/Kiran/.m2/repository/com/fasterxml/jackson/module/jackson-module-parameter-names/2.15.2/jackson-module-parameter-names-2.15.2.jar:/Users/Kiran/.m2/repository/org/springframework/boot/spring-boot-starter-tomcat/3.1.2/spring-boot-starter-tomcat-3.1.2.jar:/Users/Kiran/.m2/repository/org/apache/tomcat/embed/tomcat-embed-core/10.1.11/tomcat-embed-core-10.1.11.jar:/Users/Kiran/.m2/repository/org/apache/tomcat/embed/tomcat-embed-el/10.1.11/tomcat-embed-el-10.1.11.jar:/Users/Kiran/.m2/repository/org/apache/tomcat/embed/tomcat-embed-websocket/10.1.11/tomcat-embed-websocket-10.1.11.jar:/Users/Kiran/.m2/repository/org/springframework/spring-web/6.0.11/spring-web-6.0.11.jar:/Users/Kiran/.m2/repository/org/springframework/spring-beans/6.0.11/spring-beans-6.0.11.jar:/Users/Kiran/.m2/repository/io/micrometer/micrometer-observation/1.11.2/micrometer-observation-1.11.2.jar:/Users/Kiran/.m2/repository/io/micrometer/micrometer-commons/1.11.2/micrometer-commons-1.11.2.jar:/Users/Kiran/.m2/repository/org/springframework/spring-webmvc/6.0.11/spring-webmvc-6.0.11.jar:/Users/Kiran/.m2/repository/org/springframework/spring-aop/6.0.11/spring-aop-6.0.11.jar:/Users/Kiran/.m2/repository/org/springframework/spring-context/6.0.11/spring-context-6.0.11.jar:/Users/Kiran/.m2/repository/org/springframework/spring-expression/6.0.11/spring-expression-6.0.11.jar:/Users/Kiran/.m2/repository/org/springframework/boot/spring-boot-starter-test/3.1.2/spring-boot-starter-test-3.1.2.jar:/Users/Kiran/.m2/repository/org/springframework/boot/spring-boot-test/3.1.2/spring-boot-test-3.1.2.jar:/Users/Kiran/.m2/repository/org/springframework/boot/spring-boot-test-autoconfigure/3.1.2/spring-boot-test-autoconfigure-3.1.2.jar:/Users/Kiran/.m2/repository/com/jayway/jsonpath/json-path/2.8.0/json-path-2.8.0.jar:/Users/Kiran/.m2/repository/org/slf4j/slf4j-api/2.0.7/slf4j-api-2.0.7.jar:/Users/Kiran/.m2/repository/jakarta/xml/bind/jakarta.xml.bind-api/4.0.0/jakarta.xml.bind-api-4.0.0.jar:/Users/Kiran/.m2/repository/jakarta/activation/jakarta.activation-api/2.1.2/jakarta.activation-api-2.1.2.jar:/Users/Kiran/.m2/repository/net/minidev/json-smart/2.4.11/json-smart-2.4.11.jar:/Users/Kiran/.m2/repository/net/minidev/accessors-smart/2.4.11/accessors-smart-2.4.11.jar:/Users/Kiran/.m2/repository/org/ow2/asm/asm/9.3/asm-9.3.jar:/Users/Kiran/.m2/repository/org/assertj/assertj-core/3.24.2/assertj-core-3.24.2.jar:/Users/Kiran/.m2/repository/net/bytebuddy/byte-buddy/1.14.5/byte-buddy-1.14.5.jar:/Users/Kiran/.m2/repository/org/hamcrest/hamcrest/2.2/hamcrest-2.2.jar:/Users/Kiran/.m2/repository/org/junit/jupiter/junit-jupiter/5.9.3/junit-jupiter-5.9.3.jar:/Users/Kiran/.m2/repository/org/junit/jupiter/junit-jupiter-api/5.9.3/junit-jupiter-api-5.9.3.jar:/Users/Kiran/.m2/repository/org/opentest4j/opentest4j/1.2.0/opentest4j-1.2.0.jar:/Users/Kiran/.m2/repository/org/junit/platform/junit-platform-commons/1.9.3/junit-platform-commons-1.9.3.jar:/Users/Kiran/.m2/repository/org/apiguardian/apiguardian-api/1.1.2/apiguardian-api-1.1.2.jar:/Users/Kiran/.m2/repository/org/junit/jupiter/junit-jupiter-params/5.9.3/junit-jupiter-params-5.9.3.jar:/Users/Kiran/.m2/repository/org/junit/jupiter/junit-jupiter-engine/5.9.3/junit-jupiter-engine-5.9.3.jar:/Users/Kiran/.m2/repository/org/junit/platform/junit-platform-engine/1.9.3/junit-platform-engine-1.9.3.jar:/Users/Kiran/.m2/repository/org/mockito/mockito-core/5.3.1/mockito-core-5.3.1.jar:/Users/Kiran/.m2/repository/net/bytebuddy/byte-buddy-agent/1.14.5/byte-buddy-agent-1.14.5.jar:/Users/Kiran/.m2/repository/org/objenesis/objenesis/3.3/objenesis-3.3.jar:/Users/Kiran/.m2/repository/org/mockito/mockito-junit-jupiter/5.3.1/mockito-junit-jupiter-5.3.1.jar:/Users/Kiran/.m2/repository/org/skyscreamer/jsonassert/1.5.1/jsonassert-1.5.1.jar:/Users/Kiran/.m2/repository/com/vaadin/external/google/android-json/0.0.20131108.vaadin1/android-json-0.0.20131108.vaadin1.jar:/Users/Kiran/.m2/repository/org/springframework/spring-core/6.0.11/spring-core-6.0.11.jar:/Users/Kiran/.m2/repository/org/springframework/spring-jcl/6.0.11/spring-jcl-6.0.11.jar:/Users/Kiran/.m2/repository/org/springframework/spring-test/6.0.11/spring-test-6.0.11.jar:/Users/Kiran/.m2/repository/org/xmlunit/xmlunit-core/2.9.1/xmlunit-core-2.9.1.jar:/Users/Kiran/.m2/repository/com/h2database/h2/2.1.214/h2-2.1.214.jar:/Users/Kiran/.m2/repository/org/springframework/boot/spring-boot-starter-jdbc/3.1.2/spring-boot-starter-jdbc-3.1.2.jar:/Users/Kiran/.m2/repository/com/zaxxer/HikariCP/5.0.1/HikariCP-5.0.1.jar:/Users/Kiran/.m2/repository/org/springframework/spring-jdbc/6.0.11/spring-jdbc-6.0.11.jar:/Users/Kiran/.m2/repository/org/springframework/spring-tx/6.0.11/spring-tx-6.0.11.jar:/Users/Kiran/.m2/repository/org/flywaydb/flyway-maven-plugin/9.21.0/flyway-maven-plugin-9.21.0.jar:/Users/Kiran/.m2/repository/org/flywaydb/flyway-core/9.16.3/flyway-core-9.16.3.jar:/Users/Kiran/.m2/repository/com/fasterxml/jackson/dataformat/jackson-dataformat-toml/2.15.2/jackson-dataformat-toml-2.15.2.jar:/Users/Kiran/.m2/repository/com/fasterxml/jackson/core/jackson-core/2.15.2/jackson-core-2.15.2.jar:/Users/Kiran/.m2/repository/org/apache/commons/commons-text/1.10.0/commons-text-1.10.0.jar:/Users/Kiran/.m2/repository/org/apache/commons/commons-lang3/3.12.0/commons-lang3-3.12.0.jar:"/>
    <property name="java.vm.vendor" value="Homebrew"/>
    <property name="sun.arch.data.model" value="64"/>
    <property name="java.vendor.url" value="https://github.com/Homebrew/homebrew-core/issues"/>
    <property name="user.timezone" value="Australia/Melbourne"/>
    <property name="os.name" value="Mac OS X"/>
    <property name="java.vm.specification.version" value="20"/>
    <property name="sun.java.launcher" value="SUN_STANDARD"/>
    <property name="user.country" value="AU"/>
    <property name="sun.boot.library.path" value="/opt/homebrew/Cellar/openjdk/20.0.2/libexec/openjdk.jdk/Contents/Home/lib"/>
    <property name="sun.java.command" value="/Users/Kiran/github-classroom/SEPT/team-project-group-p03-08/backend/products/target/surefire/surefirebooter-20230923112402397_3.jar /Users/Kiran/github-classroom/SEPT/team-project-group-p03-08/backend/products/target/surefire 2023-09-23T11-24-02_352-jvmRun1 surefire-20230923112402397_1tmp surefire_0-20230923112402397_2tmp"/>
    <property name="http.nonProxyHosts" value="local|*.local|169.254/16|*.169.254/16"/>
    <property name="jdk.debug" value="release"/>
    <property name="surefire.test.class.path" value="/Users/Kiran/github-classroom/SEPT/team-project-group-p03-08/backend/products/target/test-classes:/Users/Kiran/github-classroom/SEPT/team-project-group-p03-08/backend/products/target/classes:/Users/Kiran/.m2/repository/org/springframework/boot/spring-boot-starter-web/3.1.2/spring-boot-starter-web-3.1.2.jar:/Users/Kiran/.m2/repository/org/springframework/boot/spring-boot-starter/3.1.2/spring-boot-starter-3.1.2.jar:/Users/Kiran/.m2/repository/org/springframework/boot/spring-boot/3.1.2/spring-boot-3.1.2.jar:/Users/Kiran/.m2/repository/org/springframework/boot/spring-boot-autoconfigure/3.1.2/spring-boot-autoconfigure-3.1.2.jar:/Users/Kiran/.m2/repository/org/springframework/boot/spring-boot-starter-logging/3.1.2/spring-boot-starter-logging-3.1.2.jar:/Users/Kiran/.m2/repository/ch/qos/logback/logback-classic/1.4.8/logback-classic-1.4.8.jar:/Users/Kiran/.m2/repository/ch/qos/logback/logback-core/1.4.8/logback-core-1.4.8.jar:/Users/Kiran/.m2/repository/org/apache/logging/log4j/log4j-to-slf4j/2.20.0/log4j-to-slf4j-2.20.0.jar:/Users/Kiran/.m2/repository/org/apache/logging/log4j/log4j-api/2.20.0/log4j-api-2.20.0.jar:/Users/Kiran/.m2/repository/org/slf4j/jul-to-slf4j/2.0.7/jul-to-slf4j-2.0.7.jar:/Users/Kiran/.m2/repository/jakarta/annotation/jakarta.annotation-api/2.1.1/jakarta.annotation-api-2.1.1.jar:/Users/Kiran/.m2/repository/org/yaml/snakeyaml/1.33/snakeyaml-1.33.jar:/Users/Kiran/.m2/repository/org/springframework/boot/spring-boot-starter-json/3.1.2/spring-boot-starter-json-3.1.2.jar:/Users/Kiran/.m2/repository/com/fasterxml/jackson/core/jackson-databind/2.15.2/jackson-databind-2.15.2.jar:/Users/Kiran/.m2/repository/com/fasterxml/jackson/core/jackson-annotations/2.15.2/jackson-annotations-2.15.2.jar:/Users/Kiran/.m2/repository/com/fasterxml/jackson/datatype/jackson-datatype-jdk8/2.15.2/jackson-datatype-jdk8-2.15.2.jar:/Users/Kiran/.m2/repository/com/fasterxml/jackson/datatype/jackson-datatype-jsr310/2.15.2/jackson-datatype-jsr310-2.15.2.jar:/Users/Kiran/.m2/repository/com/fasterxml/jackson/module/jackson-module-parameter-names/2.15.2/jackson-module-parameter-names-2.15.2.jar:/Users/Kiran/.m2/repository/org/springframework/boot/spring-boot-starter-tomcat/3.1.2/spring-boot-starter-tomcat-3.1.2.jar:/Users/Kiran/.m2/repository/org/apache/tomcat/embed/tomcat-embed-core/10.1.11/tomcat-embed-core-10.1.11.jar:/Users/Kiran/.m2/repository/org/apache/tomcat/embed/tomcat-embed-el/10.1.11/tomcat-embed-el-10.1.11.jar:/Users/Kiran/.m2/repository/org/apache/tomcat/embed/tomcat-embed-websocket/10.1.11/tomcat-embed-websocket-10.1.11.jar:/Users/Kiran/.m2/repository/org/springframework/spring-web/6.0.11/spring-web-6.0.11.jar:/Users/Kiran/.m2/repository/org/springframework/spring-beans/6.0.11/spring-beans-6.0.11.jar:/Users/Kiran/.m2/repository/io/micrometer/micrometer-observation/1.11.2/micrometer-observation-1.11.2.jar:/Users/Kiran/.m2/repository/io/micrometer/micrometer-commons/1.11.2/micrometer-commons-1.11.2.jar:/Users/Kiran/.m2/repository/org/springframework/spring-webmvc/6.0.11/spring-webmvc-6.0.11.jar:/Users/Kiran/.m2/repository/org/springframework/spring-aop/6.0.11/spring-aop-6.0.11.jar:/Users/Kiran/.m2/repository/org/springframework/spring-context/6.0.11/spring-context-6.0.11.jar:/Users/Kiran/.m2/repository/org/springframework/spring-expression/6.0.11/spring-expression-6.0.11.jar:/Users/Kiran/.m2/repository/org/springframework/boot/spring-boot-starter-test/3.1.2/spring-boot-starter-test-3.1.2.jar:/Users/Kiran/.m2/repository/org/springframework/boot/spring-boot-test/3.1.2/spring-boot-test-3.1.2.jar:/Users/Kiran/.m2/repository/org/springframework/boot/spring-boot-test-autoconfigure/3.1.2/spring-boot-test-autoconfigure-3.1.2.jar:/Users/Kiran/.m2/repository/com/jayway/jsonpath/json-path/2.8.0/json-path-2.8.0.jar:/Users/Kiran/.m2/repository/org/slf4j/slf4j-api/2.0.7/slf4j-api-2.0.7.jar:/Users/Kiran/.m2/repository/jakarta/xml/bind/jakarta.xml.bind-api/4.0.0/jakarta.xml.bind-api-4.0.0.jar:/Users/Kiran/.m2/repository/jakarta/activation/jakarta.activation-api/2.1.2/jakarta.activation-api-2.1.2.jar:/Users/Kiran/.m2/repository/net/minidev/json-smart/2.4.11/json-smart-2.4.11.jar:/Users/Kiran/.m2/repository/net/minidev/accessors-smart/2.4.11/accessors-smart-2.4.11.jar:/Users/Kiran/.m2/repository/org/ow2/asm/asm/9.3/asm-9.3.jar:/Users/Kiran/.m2/repository/org/assertj/assertj-core/3.24.2/assertj-core-3.24.2.jar:/Users/Kiran/.m2/repository/net/bytebuddy/byte-buddy/1.14.5/byte-buddy-1.14.5.jar:/Users/Kiran/.m2/repository/org/hamcrest/hamcrest/2.2/hamcrest-2.2.jar:/Users/Kiran/.m2/repository/org/junit/jupiter/junit-jupiter/5.9.3/junit-jupiter-5.9.3.jar:/Users/Kiran/.m2/repository/org/junit/jupiter/junit-jupiter-api/5.9.3/junit-jupiter-api-5.9.3.jar:/Users/Kiran/.m2/repository/org/opentest4j/opentest4j/1.2.0/opentest4j-1.2.0.jar:/Users/Kiran/.m2/repository/org/junit/platform/junit-platform-commons/1.9.3/junit-platform-commons-1.9.3.jar:/Users/Kiran/.m2/repository/org/apiguardian/apiguardian-api/1.1.2/apiguardian-api-1.1.2.jar:/Users/Kiran/.m2/repository/org/junit/jupiter/junit-jupiter-params/5.9.3/junit-jupiter-params-5.9.3.jar:/Users/Kiran/.m2/repository/org/junit/jupiter/junit-jupiter-engine/5.9.3/junit-jupiter-engine-5.9.3.jar:/Users/Kiran/.m2/repository/org/junit/platform/junit-platform-engine/1.9.3/junit-platform-engine-1.9.3.jar:/Users/Kiran/.m2/repository/org/mockito/mockito-core/5.3.1/mockito-core-5.3.1.jar:/Users/Kiran/.m2/repository/net/bytebuddy/byte-buddy-agent/1.14.5/byte-buddy-agent-1.14.5.jar:/Users/Kiran/.m2/repository/org/objenesis/objenesis/3.3/objenesis-3.3.jar:/Users/Kiran/.m2/repository/org/mockito/mockito-junit-jupiter/5.3.1/mockito-junit-jupiter-5.3.1.jar:/Users/Kiran/.m2/repository/org/skyscreamer/jsonassert/1.5.1/jsonassert-1.5.1.jar:/Users/Kiran/.m2/repository/com/vaadin/external/google/android-json/0.0.20131108.vaadin1/android-json-0.0.20131108.vaadin1.jar:/Users/Kiran/.m2/repository/org/springframework/spring-core/6.0.11/spring-core-6.0.11.jar:/Users/Kiran/.m2/repository/org/springframework/spring-jcl/6.0.11/spring-jcl-6.0.11.jar:/Users/Kiran/.m2/repository/org/springframework/spring-test/6.0.11/spring-test-6.0.11.jar:/Users/Kiran/.m2/repository/org/xmlunit/xmlunit-core/2.9.1/xmlunit-core-2.9.1.jar:/Users/Kiran/.m2/repository/com/h2database/h2/2.1.214/h2-2.1.214.jar:/Users/Kiran/.m2/repository/org/springframework/boot/spring-boot-starter-jdbc/3.1.2/spring-boot-starter-jdbc-3.1.2.jar:/Users/Kiran/.m2/repository/com/zaxxer/HikariCP/5.0.1/HikariCP-5.0.1.jar:/Users/Kiran/.m2/repository/org/springframework/spring-jdbc/6.0.11/spring-jdbc-6.0.11.jar:/Users/Kiran/.m2/repository/org/springframework/spring-tx/6.0.11/spring-tx-6.0.11.jar:/Users/Kiran/.m2/repository/org/flywaydb/flyway-maven-plugin/9.21.0/flyway-maven-plugin-9.21.0.jar:/Users/Kiran/.m2/repository/org/flywaydb/flyway-core/9.16.3/flyway-core-9.16.3.jar:/Users/Kiran/.m2/repository/com/fasterxml/jackson/dataformat/jackson-dataformat-toml/2.15.2/jackson-dataformat-toml-2.15.2.jar:/Users/Kiran/.m2/repository/com/fasterxml/jackson/core/jackson-core/2.15.2/jackson-core-2.15.2.jar:/Users/Kiran/.m2/repository/org/apache/commons/commons-text/1.10.0/commons-text-1.10.0.jar:/Users/Kiran/.m2/repository/org/apache/commons/commons-lang3/3.12.0/commons-lang3-3.12.0.jar:"/>
    <property name="sun.cpu.endian" value="little"/>
    <property name="user.home" value="/Users/Kiran"/>
    <property name="user.language" value="en"/>
    <property name="java.specification.vendor" value="Oracle Corporation"/>
    <property name="java.version.date" value="2023-07-18"/>
    <property name="java.home" value="/opt/homebrew/Cellar/openjdk/20.0.2/libexec/openjdk.jdk/Contents/Home"/>
    <property name="file.separator" value="/"/>
    <property name="basedir" value="/Users/Kiran/github-classroom/SEPT/team-project-group-p03-08/backend/products"/>
    <property name="java.vm.compressedOopsMode" value="Zero based"/>
    <property name="line.separator" value="&#10;"/>
    <property name="java.vm.specification.vendor" value="Oracle Corporation"/>
    <property name="java.specification.name" value="Java Platform API Specification"/>
    <property name="FILE_LOG_CHARSET" value="UTF-8"/>
    <property name="java.awt.headless" value="true"/>
    <property name="apple.awt.application.name" value="ForkedBooter"/>
    <property name="surefire.real.class.path" value="/Users/Kiran/github-classroom/SEPT/team-project-group-p03-08/backend/products/target/surefire/surefirebooter-20230923112402397_3.jar"/>
    <property name="sun.management.compiler" value="HotSpot 64-Bit Tiered Compilers"/>
    <property name="ftp.nonProxyHosts" value="local|*.local|169.254/16|*.169.254/16"/>
    <property name="java.runtime.version" value="20.0.2"/>
    <property name="user.name" value="Kiran"/>
    <property name="stdout.encoding" value="UTF-8"/>
    <property name="path.separator" value=":"/>
    <property name="os.version" value="13.5.2"/>
    <property name="java.runtime.name" value="OpenJDK Runtime Environment"/>
    <property name="file.encoding" value="UTF-8"/>
    <property name="java.vm.name" value="OpenJDK 64-Bit Server VM"/>
    <property name="java.vendor.version" value="Homebrew"/>
    <property name="localRepository" value="/Users/Kiran/.m2/repository"/>
    <property name="java.vendor.url.bug" value="https://github.com/Homebrew/homebrew-core/issues"/>
    <property name="java.io.tmpdir" value="/var/folders/1h/w37fd3kx607gmrk5h90t2q400000gn/T/"/>
    <property name="com.zaxxer.hikari.pool_number" value="1"/>
    <property name="java.version" value="20.0.2"/>
    <property name="user.dir" value="/Users/Kiran/github-classroom/SEPT/team-project-group-p03-08/backend/products"/>
    <property name="os.arch" value="aarch64"/>
    <property name="java.vm.specification.name" value="Java Virtual Machine Specification"/>
    <property name="PID" value="593"/>
    <property name="CONSOLE_LOG_CHARSET" value="UTF-8"/>
    <property name="native.encoding" value="UTF-8"/>
    <property name="java.library.path" value="/Users/Kiran/Library/Java/Extensions:/Library/Java/Extensions:/Network/Library/Java/Extensions:/System/Library/Java/Extensions:/usr/lib/java:."/>
    <property name="java.vm.info" value="mixed mode, sharing"/>
    <property name="stderr.encoding" value="UTF-8"/>
    <property name="java.vendor" value="Homebrew"/>
    <property name="java.vm.version" value="20.0.2"/>
    <property name="sun.io.unicode.encoding" value="UnicodeBig"/>
    <property name="socksNonProxyHosts" value="local|*.local|169.254/16|*.169.254/16"/>
    <property name="java.class.version" value="64.0"/>
  </properties>
  <testcase name="deleteNotification" classname="au.edu.rmit.sept.supermarkets.products.Repositories.NotificationsRepositoryImplTest" time="0.032">
    <system-out><![CDATA[2023-09-23T11:24:05.687+10:00  INFO 593 --- [           main] t.c.s.AnnotationConfigContextLoaderUtils : Could not detect default configuration classes for test class [au.edu.rmit.sept.supermarkets.products.Repositories.NotificationsRepositoryImplTest]: NotificationsRepositoryImplTest does not declare any static, non-private, non-final, nested classes annotated with @Configuration.
2023-09-23T11:24:05.688+10:00  INFO 593 --- [           main] .b.t.c.SpringBootTestContextBootstrapper : Found @SpringBootConfiguration au.edu.rmit.sept.supermarkets.products.ProductsApplication for test class au.edu.rmit.sept.supermarkets.products.Repositories.NotificationsRepositoryImplTest
2023-09-23T11:24:05.694+10:00  INFO 593 --- [           main] o.f.c.i.s.JdbcTableSchemaHistory         : Schema history table "PUBLIC"."flyway_schema_history" does not exist yet
2023-09-23T11:24:05.694+10:00  INFO 593 --- [           main] o.f.core.internal.command.DbValidate     : Successfully validated 22 migrations (execution time 00:00.003s)
2023-09-23T11:24:05.694+10:00  INFO 593 --- [           main] o.f.c.i.s.JdbcTableSchemaHistory         : Creating Schema History table "PUBLIC"."flyway_schema_history" ...
2023-09-23T11:24:05.695+10:00  INFO 593 --- [           main] o.f.core.internal.command.DbMigrate      : Current version of schema "PUBLIC": << Empty Schema >>
2023-09-23T11:24:05.696+10:00  INFO 593 --- [           main] o.f.core.internal.command.DbMigrate      : Migrating schema "PUBLIC" to version "1 - create customers"
2023-09-23T11:24:05.698+10:00  INFO 593 --- [           main] o.f.core.internal.command.DbMigrate      : Migrating schema "PUBLIC" to version "2 - create categories"
2023-09-23T11:24:05.699+10:00  INFO 593 --- [           main] o.f.core.internal.command.DbMigrate      : Migrating schema "PUBLIC" to version "3 - create products"
2023-09-23T11:24:05.700+10:00  INFO 593 --- [           main] o.f.core.internal.command.DbMigrate      : Migrating schema "PUBLIC" to version "4 - create notifications"
2023-09-23T11:24:05.701+10:00  INFO 593 --- [           main] o.f.core.internal.command.DbMigrate      : Migrating schema "PUBLIC" to version "5 - create deliveries"
2023-09-23T11:24:05.701+10:00  INFO 593 --- [           main] o.f.core.internal.command.DbMigrate      : Migrating schema "PUBLIC" to version "6 - create carts"
2023-09-23T11:24:05.702+10:00  INFO 593 --- [           main] o.f.core.internal.command.DbMigrate      : Migrating schema "PUBLIC" to version "7 - create current prices"
2023-09-23T11:24:05.703+10:00  INFO 593 --- [           main] o.f.core.internal.command.DbMigrate      : Migrating schema "PUBLIC" to version "8 - create cart contents"
2023-09-23T11:24:05.704+10:00  INFO 593 --- [           main] o.f.core.internal.command.DbMigrate      : Migrating schema "PUBLIC" to version "9 - create delivery contents"
2023-09-23T11:24:05.710+10:00  INFO 593 --- [           main] o.f.core.internal.command.DbMigrate      : Migrating schema "PUBLIC" to version "10 - create notifications associations"
2023-09-23T11:24:05.711+10:00  INFO 593 --- [           main] o.f.core.internal.command.DbMigrate      : Migrating schema "PUBLIC" to version "11 - create price histories"
2023-09-23T11:24:05.713+10:00  INFO 593 --- [           main] o.f.core.internal.command.DbMigrate      : Migrating schema "PUBLIC" to version "12 - insert customer"
2023-09-23T11:24:05.714+10:00  INFO 593 --- [           main] o.f.core.internal.command.DbMigrate      : Migrating schema "PUBLIC" to version "13 - insert categories"
2023-09-23T11:24:05.715+10:00  INFO 593 --- [           main] o.f.core.internal.command.DbMigrate      : Migrating schema "PUBLIC" to version "14 - insert product"
2023-09-23T11:24:05.716+10:00  INFO 593 --- [           main] o.f.core.internal.command.DbMigrate      : Migrating schema "PUBLIC" to version "15 - insert delivery"
2023-09-23T11:24:05.716+10:00  INFO 593 --- [           main] o.f.core.internal.command.DbMigrate      : Migrating schema "PUBLIC" to version "16 - insert cart"
2023-09-23T11:24:05.717+10:00  INFO 593 --- [           main] o.f.core.internal.command.DbMigrate      : Migrating schema "PUBLIC" to version "17 - insert notification"
2023-09-23T11:24:05.717+10:00  INFO 593 --- [           main] o.f.core.internal.command.DbMigrate      : Migrating schema "PUBLIC" to version "18 - insert cart contents"
2023-09-23T11:24:05.718+10:00  INFO 593 --- [           main] o.f.core.internal.command.DbMigrate      : Successfully applied 18 migrations to schema "PUBLIC", now at version v18 (execution time 00:00.022s)
2023-09-23T11:24:05.720+10:00  INFO 593 --- [           main] o.f.c.i.command.clean.CleanExecutor      : Successfully dropped pre-schema database level objects (execution time 00:00.000s)
2023-09-23T11:24:05.720+10:00  INFO 593 --- [           main] o.f.c.i.command.clean.CleanExecutor      : Successfully cleaned schema "PUBLIC" (execution time 00:00.000s)
2023-09-23T11:24:05.721+10:00  INFO 593 --- [           main] o.f.c.i.command.clean.CleanExecutor      : Successfully cleaned schema "PUBLIC" (execution time 00:00.000s)
2023-09-23T11:24:05.721+10:00  INFO 593 --- [           main] o.f.c.i.command.clean.CleanExecutor      : Successfully dropped post-schema database level objects (execution time 00:00.000s)
]]></system-out>
  </testcase>
  <testcase name="insertNotification" classname="au.edu.rmit.sept.supermarkets.products.Repositories.NotificationsRepositoryImplTest" time="0.025">
    <system-out><![CDATA[2023-09-23T11:24:05.726+10:00  INFO 593 --- [           main] o.f.c.i.s.JdbcTableSchemaHistory         : Schema history table "PUBLIC"."flyway_schema_history" does not exist yet
2023-09-23T11:24:05.726+10:00  INFO 593 --- [           main] o.f.core.internal.command.DbValidate     : Successfully validated 22 migrations (execution time 00:00.002s)
2023-09-23T11:24:05.726+10:00  INFO 593 --- [           main] o.f.c.i.s.JdbcTableSchemaHistory         : Creating Schema History table "PUBLIC"."flyway_schema_history" ...
2023-09-23T11:24:05.727+10:00  INFO 593 --- [           main] o.f.core.internal.command.DbMigrate      : Current version of schema "PUBLIC": << Empty Schema >>
2023-09-23T11:24:05.727+10:00  INFO 593 --- [           main] o.f.core.internal.command.DbMigrate      : Migrating schema "PUBLIC" to version "1 - create customers"
2023-09-23T11:24:05.728+10:00  INFO 593 --- [           main] o.f.core.internal.command.DbMigrate      : Migrating schema "PUBLIC" to version "2 - create categories"
2023-09-23T11:24:05.729+10:00  INFO 593 --- [           main] o.f.core.internal.command.DbMigrate      : Migrating schema "PUBLIC" to version "3 - create products"
2023-09-23T11:24:05.730+10:00  INFO 593 --- [           main] o.f.core.internal.command.DbMigrate      : Migrating schema "PUBLIC" to version "4 - create notifications"
2023-09-23T11:24:05.731+10:00  INFO 593 --- [           main] o.f.core.internal.command.DbMigrate      : Migrating schema "PUBLIC" to version "5 - create deliveries"
2023-09-23T11:24:05.732+10:00  INFO 593 --- [           main] o.f.core.internal.command.DbMigrate      : Migrating schema "PUBLIC" to version "6 - create carts"
2023-09-23T11:24:05.733+10:00  INFO 593 --- [           main] o.f.core.internal.command.DbMigrate      : Migrating schema "PUBLIC" to version "7 - create current prices"
2023-09-23T11:24:05.734+10:00  INFO 593 --- [           main] o.f.core.internal.command.DbMigrate      : Migrating schema "PUBLIC" to version "8 - create cart contents"
2023-09-23T11:24:05.735+10:00  INFO 593 --- [           main] o.f.core.internal.command.DbMigrate      : Migrating schema "PUBLIC" to version "9 - create delivery contents"
2023-09-23T11:24:05.736+10:00  INFO 593 --- [           main] o.f.core.internal.command.DbMigrate      : Migrating schema "PUBLIC" to version "10 - create notifications associations"
2023-09-23T11:24:05.737+10:00  INFO 593 --- [           main] o.f.core.internal.command.DbMigrate      : Migrating schema "PUBLIC" to version "11 - create price histories"
2023-09-23T11:24:05.738+10:00  INFO 593 --- [           main] o.f.core.internal.command.DbMigrate      : Migrating schema "PUBLIC" to version "12 - insert customer"
2023-09-23T11:24:05.738+10:00  INFO 593 --- [           main] o.f.core.internal.command.DbMigrate      : Migrating schema "PUBLIC" to version "13 - insert categories"
2023-09-23T11:24:05.739+10:00  INFO 593 --- [           main] o.f.core.internal.command.DbMigrate      : Migrating schema "PUBLIC" to version "14 - insert product"
2023-09-23T11:24:05.739+10:00  INFO 593 --- [           main] o.f.core.internal.command.DbMigrate      : Migrating schema "PUBLIC" to version "15 - insert delivery"
2023-09-23T11:24:05.740+10:00  INFO 593 --- [           main] o.f.core.internal.command.DbMigrate      : Migrating schema "PUBLIC" to version "16 - insert cart"
2023-09-23T11:24:05.741+10:00  INFO 593 --- [           main] o.f.core.internal.command.DbMigrate      : Migrating schema "PUBLIC" to version "17 - insert notification"
2023-09-23T11:24:05.742+10:00  INFO 593 --- [           main] o.f.core.internal.command.DbMigrate      : Migrating schema "PUBLIC" to version "18 - insert cart contents"
2023-09-23T11:24:05.742+10:00  INFO 593 --- [           main] o.f.core.internal.command.DbMigrate      : Successfully applied 18 migrations to schema "PUBLIC", now at version v18 (execution time 00:00.015s)
2023-09-23T11:24:05.745+10:00  INFO 593 --- [           main] o.f.c.i.command.clean.CleanExecutor      : Successfully dropped pre-schema database level objects (execution time 00:00.000s)
2023-09-23T11:24:05.746+10:00  INFO 593 --- [           main] o.f.c.i.command.clean.CleanExecutor      : Successfully cleaned schema "PUBLIC" (execution time 00:00.000s)
2023-09-23T11:24:05.746+10:00  INFO 593 --- [           main] o.f.c.i.command.clean.CleanExecutor      : Successfully cleaned schema "PUBLIC" (execution time 00:00.000s)
2023-09-23T11:24:05.746+10:00  INFO 593 --- [           main] o.f.c.i.command.clean.CleanExecutor      : Successfully dropped post-schema database level objects (execution time 00:00.000s)
]]></system-out>
  </testcase>
  <testcase name="updateNotification" classname="au.edu.rmit.sept.supermarkets.products.Repositories.NotificationsRepositoryImplTest" time="0.024">
    <system-out><![CDATA[2023-09-23T11:24:05.752+10:00  INFO 593 --- [           main] o.f.c.i.s.JdbcTableSchemaHistory         : Schema history table "PUBLIC"."flyway_schema_history" does not exist yet
2023-09-23T11:24:05.752+10:00  INFO 593 --- [           main] o.f.core.internal.command.DbValidate     : Successfully validated 22 migrations (execution time 00:00.003s)
2023-09-23T11:24:05.752+10:00  INFO 593 --- [           main] o.f.c.i.s.JdbcTableSchemaHistory         : Creating Schema History table "PUBLIC"."flyway_schema_history" ...
2023-09-23T11:24:05.753+10:00  INFO 593 --- [           main] o.f.core.internal.command.DbMigrate      : Current version of schema "PUBLIC": << Empty Schema >>
2023-09-23T11:24:05.754+10:00  INFO 593 --- [           main] o.f.core.internal.command.DbMigrate      : Migrating schema "PUBLIC" to version "1 - create customers"
2023-09-23T11:24:05.755+10:00  INFO 593 --- [           main] o.f.core.internal.command.DbMigrate      : Migrating schema "PUBLIC" to version "2 - create categories"
2023-09-23T11:24:05.756+10:00  INFO 593 --- [           main] o.f.core.internal.command.DbMigrate      : Migrating schema "PUBLIC" to version "3 - create products"
2023-09-23T11:24:05.757+10:00  INFO 593 --- [           main] o.f.core.internal.command.DbMigrate      : Migrating schema "PUBLIC" to version "4 - create notifications"
2023-09-23T11:24:05.757+10:00  INFO 593 --- [           main] o.f.core.internal.command.DbMigrate      : Migrating schema "PUBLIC" to version "5 - create deliveries"
2023-09-23T11:24:05.758+10:00  INFO 593 --- [           main] o.f.core.internal.command.DbMigrate      : Migrating schema "PUBLIC" to version "6 - create carts"
2023-09-23T11:24:05.759+10:00  INFO 593 --- [           main] o.f.core.internal.command.DbMigrate      : Migrating schema "PUBLIC" to version "7 - create current prices"
2023-09-23T11:24:05.760+10:00  INFO 593 --- [           main] o.f.core.internal.command.DbMigrate      : Migrating schema "PUBLIC" to version "8 - create cart contents"
2023-09-23T11:24:05.761+10:00  INFO 593 --- [           main] o.f.core.internal.command.DbMigrate      : Migrating schema "PUBLIC" to version "9 - create delivery contents"
2023-09-23T11:24:05.762+10:00  INFO 593 --- [           main] o.f.core.internal.command.DbMigrate      : Migrating schema "PUBLIC" to version "10 - create notifications associations"
2023-09-23T11:24:05.763+10:00  INFO 593 --- [           main] o.f.core.internal.command.DbMigrate      : Migrating schema "PUBLIC" to version "11 - create price histories"
2023-09-23T11:24:05.764+10:00  INFO 593 --- [           main] o.f.core.internal.command.DbMigrate      : Migrating schema "PUBLIC" to version "12 - insert customer"
2023-09-23T11:24:05.764+10:00  INFO 593 --- [           main] o.f.core.internal.command.DbMigrate      : Migrating schema "PUBLIC" to version "13 - insert categories"
2023-09-23T11:24:05.765+10:00  INFO 593 --- [           main] o.f.core.internal.command.DbMigrate      : Migrating schema "PUBLIC" to version "14 - insert product"
2023-09-23T11:24:05.766+10:00  INFO 593 --- [           main] o.f.core.internal.command.DbMigrate      : Migrating schema "PUBLIC" to version "15 - insert delivery"
2023-09-23T11:24:05.766+10:00  INFO 593 --- [           main] o.f.core.internal.command.DbMigrate      : Migrating schema "PUBLIC" to version "16 - insert cart"
2023-09-23T11:24:05.767+10:00  INFO 593 --- [           main] o.f.core.internal.command.DbMigrate      : Migrating schema "PUBLIC" to version "17 - insert notification"
2023-09-23T11:24:05.767+10:00  INFO 593 --- [           main] o.f.core.internal.command.DbMigrate      : Migrating schema "PUBLIC" to version "18 - insert cart contents"
2023-09-23T11:24:05.768+10:00  INFO 593 --- [           main] o.f.core.internal.command.DbMigrate      : Successfully applied 18 migrations to schema "PUBLIC", now at version v18 (execution time 00:00.014s)
2023-09-23T11:24:05.769+10:00  INFO 593 --- [           main] o.f.c.i.command.clean.CleanExecutor      : Successfully dropped pre-schema database level objects (execution time 00:00.000s)
2023-09-23T11:24:05.770+10:00  INFO 593 --- [           main] o.f.c.i.command.clean.CleanExecutor      : Successfully cleaned schema "PUBLIC" (execution time 00:00.000s)
2023-09-23T11:24:05.770+10:00  INFO 593 --- [           main] o.f.c.i.command.clean.CleanExecutor      : Successfully cleaned schema "PUBLIC" (execution time 00:00.000s)
2023-09-23T11:24:05.770+10:00  INFO 593 --- [           main] o.f.c.i.command.clean.CleanExecutor      : Successfully dropped post-schema database level objects (execution time 00:00.000s)
]]></system-out>
  </testcase>
  <testcase name="ReturnsWhenAvailable" classname="au.edu.rmit.sept.supermarkets.products.Repositories.NotificationsRepositoryImplTest" time="0.025">
    <system-out><![CDATA[2023-09-23T11:24:05.776+10:00  INFO 593 --- [           main] o.f.c.i.s.JdbcTableSchemaHistory         : Schema history table "PUBLIC"."flyway_schema_history" does not exist yet
2023-09-23T11:24:05.776+10:00  INFO 593 --- [           main] o.f.core.internal.command.DbValidate     : Successfully validated 22 migrations (execution time 00:00.003s)
2023-09-23T11:24:05.776+10:00  INFO 593 --- [           main] o.f.c.i.s.JdbcTableSchemaHistory         : Creating Schema History table "PUBLIC"."flyway_schema_history" ...
2023-09-23T11:24:05.777+10:00  INFO 593 --- [           main] o.f.core.internal.command.DbMigrate      : Current version of schema "PUBLIC": << Empty Schema >>
2023-09-23T11:24:05.777+10:00  INFO 593 --- [           main] o.f.core.internal.command.DbMigrate      : Migrating schema "PUBLIC" to version "1 - create customers"
2023-09-23T11:24:05.778+10:00  INFO 593 --- [           main] o.f.core.internal.command.DbMigrate      : Migrating schema "PUBLIC" to version "2 - create categories"
2023-09-23T11:24:05.780+10:00  INFO 593 --- [           main] o.f.core.internal.command.DbMigrate      : Migrating schema "PUBLIC" to version "3 - create products"
2023-09-23T11:24:05.781+10:00  INFO 593 --- [           main] o.f.core.internal.command.DbMigrate      : Migrating schema "PUBLIC" to version "4 - create notifications"
2023-09-23T11:24:05.781+10:00  INFO 593 --- [           main] o.f.core.internal.command.DbMigrate      : Migrating schema "PUBLIC" to version "5 - create deliveries"
2023-09-23T11:24:05.782+10:00  INFO 593 --- [           main] o.f.core.internal.command.DbMigrate      : Migrating schema "PUBLIC" to version "6 - create carts"
2023-09-23T11:24:05.783+10:00  INFO 593 --- [           main] o.f.core.internal.command.DbMigrate      : Migrating schema "PUBLIC" to version "7 - create current prices"
2023-09-23T11:24:05.784+10:00  INFO 593 --- [           main] o.f.core.internal.command.DbMigrate      : Migrating schema "PUBLIC" to version "8 - create cart contents"
2023-09-23T11:24:05.785+10:00  INFO 593 --- [           main] o.f.core.internal.command.DbMigrate      : Migrating schema "PUBLIC" to version "9 - create delivery contents"
2023-09-23T11:24:05.786+10:00  INFO 593 --- [           main] o.f.core.internal.command.DbMigrate      : Migrating schema "PUBLIC" to version "10 - create notifications associations"
2023-09-23T11:24:05.787+10:00  INFO 593 --- [           main] o.f.core.internal.command.DbMigrate      : Migrating schema "PUBLIC" to version "11 - create price histories"
2023-09-23T11:24:05.788+10:00  INFO 593 --- [           main] o.f.core.internal.command.DbMigrate      : Migrating schema "PUBLIC" to version "12 - insert customer"
2023-09-23T11:24:05.789+10:00  INFO 593 --- [           main] o.f.core.internal.command.DbMigrate      : Migrating schema "PUBLIC" to version "13 - insert categories"
2023-09-23T11:24:05.789+10:00  INFO 593 --- [           main] o.f.core.internal.command.DbMigrate      : Migrating schema "PUBLIC" to version "14 - insert product"
2023-09-23T11:24:05.790+10:00  INFO 593 --- [           main] o.f.core.internal.command.DbMigrate      : Migrating schema "PUBLIC" to version "15 - insert delivery"
2023-09-23T11:24:05.791+10:00  INFO 593 --- [           main] o.f.core.internal.command.DbMigrate      : Migrating schema "PUBLIC" to version "16 - insert cart"
2023-09-23T11:24:05.791+10:00  INFO 593 --- [           main] o.f.core.internal.command.DbMigrate      : Migrating schema "PUBLIC" to version "17 - insert notification"
2023-09-23T11:24:05.792+10:00  INFO 593 --- [           main] o.f.core.internal.command.DbMigrate      : Migrating schema "PUBLIC" to version "18 - insert cart contents"
2023-09-23T11:24:05.792+10:00  INFO 593 --- [           main] o.f.core.internal.command.DbMigrate      : Successfully applied 18 migrations to schema "PUBLIC", now at version v18 (execution time 00:00.015s)
2023-09-23T11:24:05.794+10:00  INFO 593 --- [           main] o.f.c.i.command.clean.CleanExecutor      : Successfully dropped pre-schema database level objects (execution time 00:00.000s)
2023-09-23T11:24:05.795+10:00  INFO 593 --- [           main] o.f.c.i.command.clean.CleanExecutor      : Successfully cleaned schema "PUBLIC" (execution time 00:00.000s)
2023-09-23T11:24:05.795+10:00  INFO 593 --- [           main] o.f.c.i.command.clean.CleanExecutor      : Successfully cleaned schema "PUBLIC" (execution time 00:00.000s)
2023-09-23T11:24:05.795+10:00  INFO 593 --- [           main] o.f.c.i.command.clean.CleanExecutor      : Successfully dropped post-schema database level objects (execution time 00:00.000s)
]]></system-out>
  </testcase>
  <testcase name="failDeleteNotification" classname="au.edu.rmit.sept.supermarkets.products.Repositories.NotificationsRepositoryImplTest" time="0.022">
    <system-out><![CDATA[2023-09-23T11:24:05.801+10:00  INFO 593 --- [           main] o.f.c.i.s.JdbcTableSchemaHistory         : Schema history table "PUBLIC"."flyway_schema_history" does not exist yet
2023-09-23T11:24:05.801+10:00  INFO 593 --- [           main] o.f.core.internal.command.DbValidate     : Successfully validated 22 migrations (execution time 00:00.003s)
2023-09-23T11:24:05.801+10:00  INFO 593 --- [           main] o.f.c.i.s.JdbcTableSchemaHistory         : Creating Schema History table "PUBLIC"."flyway_schema_history" ...
2023-09-23T11:24:05.802+10:00  INFO 593 --- [           main] o.f.core.internal.command.DbMigrate      : Current version of schema "PUBLIC": << Empty Schema >>
2023-09-23T11:24:05.802+10:00  INFO 593 --- [           main] o.f.core.internal.command.DbMigrate      : Migrating schema "PUBLIC" to version "1 - create customers"
2023-09-23T11:24:05.803+10:00  INFO 593 --- [           main] o.f.core.internal.command.DbMigrate      : Migrating schema "PUBLIC" to version "2 - create categories"
2023-09-23T11:24:05.804+10:00  INFO 593 --- [           main] o.f.core.internal.command.DbMigrate      : Migrating schema "PUBLIC" to version "3 - create products"
2023-09-23T11:24:05.805+10:00  INFO 593 --- [           main] o.f.core.internal.command.DbMigrate      : Migrating schema "PUBLIC" to version "4 - create notifications"
2023-09-23T11:24:05.806+10:00  INFO 593 --- [           main] o.f.core.internal.command.DbMigrate      : Migrating schema "PUBLIC" to version "5 - create deliveries"
2023-09-23T11:24:05.807+10:00  INFO 593 --- [           main] o.f.core.internal.command.DbMigrate      : Migrating schema "PUBLIC" to version "6 - create carts"
2023-09-23T11:24:05.807+10:00  INFO 593 --- [           main] o.f.core.internal.command.DbMigrate      : Migrating schema "PUBLIC" to version "7 - create current prices"
2023-09-23T11:24:05.808+10:00  INFO 593 --- [           main] o.f.core.internal.command.DbMigrate      : Migrating schema "PUBLIC" to version "8 - create cart contents"
2023-09-23T11:24:05.809+10:00  INFO 593 --- [           main] o.f.core.internal.command.DbMigrate      : Migrating schema "PUBLIC" to version "9 - create delivery contents"
2023-09-23T11:24:05.810+10:00  INFO 593 --- [           main] o.f.core.internal.command.DbMigrate      : Migrating schema "PUBLIC" to version "10 - create notifications associations"
2023-09-23T11:24:05.810+10:00  INFO 593 --- [           main] o.f.core.internal.command.DbMigrate      : Migrating schema "PUBLIC" to version "11 - create price histories"
2023-09-23T11:24:05.811+10:00  INFO 593 --- [           main] o.f.core.internal.command.DbMigrate      : Migrating schema "PUBLIC" to version "12 - insert customer"
2023-09-23T11:24:05.812+10:00  INFO 593 --- [           main] o.f.core.internal.command.DbMigrate      : Migrating schema "PUBLIC" to version "13 - insert categories"
2023-09-23T11:24:05.813+10:00  INFO 593 --- [           main] o.f.core.internal.command.DbMigrate      : Migrating schema "PUBLIC" to version "14 - insert product"
2023-09-23T11:24:05.813+10:00  INFO 593 --- [           main] o.f.core.internal.command.DbMigrate      : Migrating schema "PUBLIC" to version "15 - insert delivery"
2023-09-23T11:24:05.814+10:00  INFO 593 --- [           main] o.f.core.internal.command.DbMigrate      : Migrating schema "PUBLIC" to version "16 - insert cart"
2023-09-23T11:24:05.815+10:00  INFO 593 --- [           main] o.f.core.internal.command.DbMigrate      : Migrating schema "PUBLIC" to version "17 - insert notification"
2023-09-23T11:24:05.816+10:00  INFO 593 --- [           main] o.f.core.internal.command.DbMigrate      : Migrating schema "PUBLIC" to version "18 - insert cart contents"
2023-09-23T11:24:05.816+10:00  INFO 593 --- [           main] o.f.core.internal.command.DbMigrate      : Successfully applied 18 migrations to schema "PUBLIC", now at version v18 (execution time 00:00.013s)
2023-09-23T11:24:05.817+10:00  INFO 593 --- [           main] o.f.c.i.command.clean.CleanExecutor      : Successfully dropped pre-schema database level objects (execution time 00:00.000s)
2023-09-23T11:24:05.818+10:00  INFO 593 --- [           main] o.f.c.i.command.clean.CleanExecutor      : Successfully cleaned schema "PUBLIC" (execution time 00:00.000s)
2023-09-23T11:24:05.818+10:00  INFO 593 --- [           main] o.f.c.i.command.clean.CleanExecutor      : Successfully cleaned schema "PUBLIC" (execution time 00:00.000s)
2023-09-23T11:24:05.818+10:00  INFO 593 --- [           main] o.f.c.i.command.clean.CleanExecutor      : Successfully dropped post-schema database level objects (execution time 00:00.000s)
]]></system-out>
  </testcase>
</testsuite>